[02:49:51.957] [SYSTEM ] [logger.system       ] 🚀 Sistema de logging CopFlow v3.0 inicializado - by Diomedez98
[02:49:51.983] [SYSTEM ] [logger.system       ] 🚀 Sistema de logging CopFlow v3.0 inicializado - by Diomedez98
[02:49:52.094] [SUCCESS] [estadisticas_operarios.api] ✅ SUCCESS: Estadísticas obtenidas correctamente | Details: {"total":"12","available":"11","unavailable":"1"}
[02:49:52.359] [SUCCESS] [estadisticas_usuarios.api] ✅ SUCCESS: Estadísticas obtenidas correctamente | Details: {"total":9,"active":6,"inactive":3,"admins":4}
[02:49:53.795] [SYSTEM ] [logger.system       ] 🚀 Sistema de logging CopFlow v3.0 inicializado - by Diomedez98
[02:49:53.796] [INFO   ] [usuarios.php        ] Filtros recibidos: search='', role='', status='', page=1, per_page=10
[02:49:55.126] [INFO   ] [usuarios.php        ] Módulo usuarios v2.2 cargado. Total=9, Página=1, PerPage=10
[02:49:55.454] [SYSTEM ] [logger.system       ] 🚀 Sistema de logging CopFlow v3.0 inicializado - by Diomedez98
[02:49:55.454] [INFO   ] [usuarios.php        ] Filtros recibidos: search='', role='', status='', page=1, per_page=10
[02:49:55.812] [SYSTEM ] [logger.system       ] 🚀 Sistema de logging CopFlow v3.0 inicializado - by Diomedez98
[02:49:56.177] [SUCCESS] [estadisticas_usuarios.api] ✅ SUCCESS: Estadísticas obtenidas correctamente | Details: {"total":9,"active":6,"inactive":3,"admins":4}
[02:49:56.512] [INFO   ] [usuarios.php        ] Módulo usuarios v2.2 cargado. Total=9, Página=1, PerPage=10
[02:49:57.343] [SYSTEM ] [logger.system       ] 🚀 Sistema de logging CopFlow v3.0 inicializado - by Diomedez98
[02:49:57.344] [INFO   ] [usuarios.php        ] Filtros recibidos: search='', role='', status='', page=1, per_page=10
[02:49:57.783] [SYSTEM ] [logger.system       ] 🚀 Sistema de logging CopFlow v3.0 inicializado - by Diomedez98
[02:49:58.140] [SUCCESS] [estadisticas_usuarios.api] ✅ SUCCESS: Estadísticas obtenidas correctamente | Details: {"total":9,"active":6,"inactive":3,"admins":4}
[02:49:58.523] [INFO   ] [usuarios.php        ] Módulo usuarios v2.2 cargado. Total=9, Página=1, PerPage=10
[02:49:59.123] [SYSTEM ] [logger.system       ] 🚀 Sistema de logging CopFlow v3.0 inicializado - by Diomedez98
[02:49:59.486] [SUCCESS] [estadisticas_usuarios.api] ✅ SUCCESS: Estadísticas obtenidas correctamente | Details: {"total":9,"active":6,"inactive":3,"admins":4}
[02:50:23.266] [SYSTEM ] [logger.system       ] 🚀 Sistema de logging CopFlow v3.0 inicializado - by Diomedez98
[02:50:23.267] [INFO   ] [whatsapp.php        ] Módulo WhatsApp cargado por usuario: Delia Milena camila Fuentes (rol=usuario, id=2)
[02:50:23.714] [SYSTEM ] [logger.system       ] 🚀 Sistema de logging CopFlow v3.0 inicializado - by Diomedez98
[02:50:23.714] [INFO   ] [whatsapp.php        ] Módulo WhatsApp cargado por usuario: Delia Milena camila Fuentes (rol=usuario, id=2)
[02:50:24.082] [SYSTEM ] [logger.system       ] 🚀 Sistema de logging CopFlow v3.0 inicializado - by Diomedez98
[02:50:24.082] [INFO   ] [whatsapp.php        ] Módulo WhatsApp cargado por usuario: Delia Milena camila Fuentes (rol=usuario, id=2)
[02:50:24.449] [SYSTEM ] [logger.system       ] 🚀 Sistema de logging CopFlow v3.0 inicializado - by Diomedez98
[02:50:25.268] [INFO   ] [obtener_chats.php   ] Consultados 4 chats por Delia Milena camila Fuentes (id=2)
[02:50:25.639] [SYSTEM ] [logger.system       ] 🚀 Sistema de logging CopFlow v3.0 inicializado - by Diomedez98
[02:50:26.462] [INFO   ] [obtener_chats.php   ] Consultados 4 chats por Delia Milena camila Fuentes (id=2)
[02:50:28.706] [SYSTEM ] [logger.system       ] 🚀 Sistema de logging CopFlow v3.0 inicializado - by Diomedez98
[02:50:28.707] [INFO   ] [operarios.php       ] Filtros recibidos: search='', status='', page=1, per_page=10
[02:50:29.187] [INFO   ] [operarios.php       ] Módulo operarios cargado. Total=12, Página=1, PerPage=10
[02:50:29.787] [SYSTEM ] [logger.system       ] 🚀 Sistema de logging CopFlow v3.0 inicializado - by Diomedez98
[02:50:29.787] [INFO   ] [operarios.php       ] Filtros recibidos: search='', status='', page=1, per_page=10
[02:50:30.153] [SYSTEM ] [logger.system       ] 🚀 Sistema de logging CopFlow v3.0 inicializado - by Diomedez98
[02:50:30.233] [SUCCESS] [estadisticas_operarios.api] ✅ SUCCESS: Estadísticas obtenidas correctamente | Details: {"total":"12","available":"11","unavailable":"1"}
[02:50:30.330] [INFO   ] [operarios.php       ] Módulo operarios cargado. Total=12, Página=1, PerPage=10
[02:50:30.780] [SYSTEM ] [logger.system       ] 🚀 Sistema de logging CopFlow v3.0 inicializado - by Diomedez98
[02:50:30.786] [INFO   ] [operarios.php       ] Filtros recibidos: search='', status='', page=1, per_page=10
[02:50:31.169] [SYSTEM ] [logger.system       ] 🚀 Sistema de logging CopFlow v3.0 inicializado - by Diomedez98
[02:50:31.272] [SUCCESS] [estadisticas_operarios.api] ✅ SUCCESS: Estadísticas obtenidas correctamente | Details: {"total":"12","available":"11","unavailable":"1"}
[02:50:31.338] [INFO   ] [operarios.php       ] Módulo operarios cargado. Total=12, Página=1, PerPage=10
[02:50:32.039] [SYSTEM ] [logger.system       ] 🚀 Sistema de logging CopFlow v3.0 inicializado - by Diomedez98
[02:50:32.131] [SUCCESS] [estadisticas_operarios.api] ✅ SUCCESS: Estadísticas obtenidas correctamente | Details: {"total":"12","available":"11","unavailable":"1"}
[02:50:40.788] [SYSTEM ] [logger.system       ] 🚀 Sistema de logging CopFlow v3.0 inicializado - by Diomedez98
[02:50:43.774] [SYSTEM ] [logger.system       ] 🚀 Sistema de logging CopFlow v3.0 inicializado - by Diomedez98
[02:50:47.191] [SYSTEM ] [logger.system       ] 🚀 Sistema de logging CopFlow v3.0 inicializado - by Diomedez98
[02:50:47.810] [INFO   ] [actualizar_operario ] Operario actualizado - ID: 12, Usuario: dc3143qwqw
[02:50:54.444] [SYSTEM ] [logger.system       ] 🚀 Sistema de logging CopFlow v3.0 inicializado - by Diomedez98
[02:50:54.446] [INFO   ] [cambiar_estado_operarios.php] POST recibido. Data: {"id":12,"nuevo_estado":"0"} | _POST: []
[02:50:54.447] [INFO   ] [cambiar_estado_operarios.php] Procesando id: 12, nuevo_estado: 0
[02:50:54.635] [INFO   ] [cambiar_estado_operarios.php] Disponibilidad actualizada correctamente para id: 12 a 0
[02:50:54.637] [INFO   ] [cambiar_estado_operarios.php] Cache de estadísticas limpiado
[02:50:55.226] [SYSTEM ] [logger.system       ] 🚀 Sistema de logging CopFlow v3.0 inicializado - by Diomedez98
[02:50:55.316] [SUCCESS] [estadisticas_operarios.api] ✅ SUCCESS: Estadísticas obtenidas correctamente | Details: {"total":"12","available":"10","unavailable":"2"}
[02:51:04.530] [SYSTEM ] [logger.system       ] 🚀 Sistema de logging CopFlow v3.0 inicializado - by Diomedez98
[02:51:04.531] [INFO   ] [cambiar_estado_operarios.php] POST recibido. Data: {"id":12,"nuevo_estado":"1"} | _POST: []
[02:51:04.531] [INFO   ] [cambiar_estado_operarios.php] Procesando id: 12, nuevo_estado: 1
[02:51:04.712] [INFO   ] [cambiar_estado_operarios.php] Disponibilidad actualizada correctamente para id: 12 a 1
[02:51:04.713] [INFO   ] [cambiar_estado_operarios.php] Cache de estadísticas limpiado
[02:51:05.104] [SYSTEM ] [logger.system       ] 🚀 Sistema de logging CopFlow v3.0 inicializado - by Diomedez98
[02:51:05.194] [SUCCESS] [estadisticas_operarios.api] ✅ SUCCESS: Estadísticas obtenidas correctamente | Details: {"total":"12","available":"11","unavailable":"1"}
[02:52:51.851] [SYSTEM ] [logger.system       ] 🚀 Sistema de logging CopFlow v3.0 inicializado - by Diomedez98
[02:52:51.941] [SUCCESS] [estadisticas_operarios.api] ✅ SUCCESS: Estadísticas obtenidas correctamente | Details: {"total":"12","available":"11","unavailable":"1"}
[02:55:51.802] [SYSTEM ] [logger.system       ] 🚀 Sistema de logging CopFlow v3.0 inicializado - by Diomedez98
[02:55:51.882] [SUCCESS] [estadisticas_operarios.api] ✅ SUCCESS: Estadísticas obtenidas correctamente | Details: {"total":"12","available":"11","unavailable":"1"}
[02:56:52.163] [SYSTEM ] [logger.system       ] 🚀 Sistema de logging CopFlow v3.0 inicializado - by Diomedez98
[02:56:52.164] [INFO   ] [whatsapp.php        ] Módulo WhatsApp cargado por usuario: Delia Milena camila Fuentes (rol=usuario, id=2)
[02:56:52.593] [SYSTEM ] [logger.system       ] 🚀 Sistema de logging CopFlow v3.0 inicializado - by Diomedez98
[02:56:52.593] [INFO   ] [whatsapp.php        ] Módulo WhatsApp cargado por usuario: Delia Milena camila Fuentes (rol=usuario, id=2)
[02:56:52.959] [SYSTEM ] [logger.system       ] 🚀 Sistema de logging CopFlow v3.0 inicializado - by Diomedez98
[02:56:53.774] [INFO   ] [obtener_chats.php   ] Consultados 4 chats por Delia Milena camila Fuentes (id=2)
[02:56:54.244] [SYSTEM ] [logger.system       ] 🚀 Sistema de logging CopFlow v3.0 inicializado - by Diomedez98
[02:56:54.956] [INFO   ] [obtener_chats.php   ] Consultados 4 chats por Delia Milena camila Fuentes (id=2)
[02:57:00.210] [SYSTEM ] [logger.system       ] 🚀 Sistema de logging CopFlow v3.0 inicializado - by Diomedez98
[02:57:00.611] [INFO   ] [obtener_mensajes.php] Consultados 472 mensajes para chat 5 por Delia Milena camila Fuentes (id=2)
[02:58:52.038] [SYSTEM ] [logger.system       ] 🚀 Sistema de logging CopFlow v3.0 inicializado - by Diomedez98
[02:58:52.118] [SUCCESS] [estadisticas_operarios.api] ✅ SUCCESS: Estadísticas obtenidas correctamente | Details: {"total":"12","available":"11","unavailable":"1"}
[03:01:52.414] [SYSTEM ] [logger.system       ] 🚀 Sistema de logging CopFlow v3.0 inicializado - by Diomedez98
[03:01:52.506] [SUCCESS] [estadisticas_operarios.api] ✅ SUCCESS: Estadísticas obtenidas correctamente | Details: {"total":"12","available":"11","unavailable":"1"}
[03:04:52.417] [SYSTEM ] [logger.system       ] 🚀 Sistema de logging CopFlow v3.0 inicializado - by Diomedez98
[03:04:52.512] [SUCCESS] [estadisticas_operarios.api] ✅ SUCCESS: Estadísticas obtenidas correctamente | Details: {"total":"12","available":"11","unavailable":"1"}
[03:08:18.375] [SYSTEM ] [logger.system       ] 🚀 Sistema de logging CopFlow v3.0 inicializado - by Diomedez98
[03:08:18.455] [SUCCESS] [estadisticas_operarios.api] ✅ SUCCESS: Estadísticas obtenidas correctamente | Details: {"total":"12","available":"11","unavailable":"1"}
[03:11:18.416] [SYSTEM ] [logger.system       ] 🚀 Sistema de logging CopFlow v3.0 inicializado - by Diomedez98
[03:11:18.506] [SUCCESS] [estadisticas_operarios.api] ✅ SUCCESS: Estadísticas obtenidas correctamente | Details: {"total":"12","available":"11","unavailable":"1"}
[03:14:18.450] [SYSTEM ] [logger.system       ] 🚀 Sistema de logging CopFlow v3.0 inicializado - by Diomedez98
[03:14:18.543] [SUCCESS] [estadisticas_operarios.api] ✅ SUCCESS: Estadísticas obtenidas correctamente | Details: {"total":"12","available":"11","unavailable":"1"}
[03:17:18.466] [SYSTEM ] [logger.system       ] 🚀 Sistema de logging CopFlow v3.0 inicializado - by Diomedez98
[03:17:18.546] [SUCCESS] [estadisticas_operarios.api] ✅ SUCCESS: Estadísticas obtenidas correctamente | Details: {"total":"12","available":"11","unavailable":"1"}
[03:20:18.376] [SYSTEM ] [logger.system       ] 🚀 Sistema de logging CopFlow v3.0 inicializado - by Diomedez98
[03:20:18.456] [SUCCESS] [estadisticas_operarios.api] ✅ SUCCESS: Estadísticas obtenidas correctamente | Details: {"total":"12","available":"11","unavailable":"1"}
[03:23:18.374] [SYSTEM ] [logger.system       ] 🚀 Sistema de logging CopFlow v3.0 inicializado - by Diomedez98
[03:23:18.453] [SUCCESS] [estadisticas_operarios.api] ✅ SUCCESS: Estadísticas obtenidas correctamente | Details: {"total":"12","available":"11","unavailable":"1"}
