[00:01:52.552] [SYSTEM ] [logger.system       ] 🚀 Sistema de logging CopFlow v3.0 inicializado - by Diomedez98
[00:01:52.596] [SUCCESS] [estadisticas_operarios.api] ✅ SUCCESS: Estadísticas obtenidas correctamente | Details: {"total":"3","available":"3","unavailable":"0"}
[00:04:52.465] [SYSTEM ] [logger.system       ] 🚀 Sistema de logging CopFlow v3.0 inicializado - by Diomedez98
[00:04:52.506] [SUCCESS] [estadisticas_operarios.api] ✅ SUCCESS: Estadísticas obtenidas correctamente | Details: {"total":"3","available":"3","unavailable":"0"}
[00:07:53.225] [SYSTEM ] [logger.system       ] 🚀 Sistema de logging CopFlow v3.0 inicializado - by Diomedez98
[00:07:53.266] [SUCCESS] [estadisticas_operarios.api] ✅ SUCCESS: Estadísticas obtenidas correctamente | Details: {"total":"3","available":"3","unavailable":"0"}
[00:10:49.386] [SYSTEM ] [logger.system       ] 🚀 Sistema de logging CopFlow v3.0 inicializado - by Diomedez98
[00:10:49.428] [SUCCESS] [estadisticas_operarios.api] ✅ SUCCESS: Estadísticas obtenidas correctamente | Details: {"total":"3","available":"3","unavailable":"0"}
[00:13:52.388] [SYSTEM ] [logger.system       ] 🚀 Sistema de logging CopFlow v3.0 inicializado - by Diomedez98
[00:13:52.429] [SUCCESS] [estadisticas_operarios.api] ✅ SUCCESS: Estadísticas obtenidas correctamente | Details: {"total":"3","available":"3","unavailable":"0"}
[00:16:52.467] [SYSTEM ] [logger.system       ] 🚀 Sistema de logging CopFlow v3.0 inicializado - by Diomedez98
[00:16:52.508] [SUCCESS] [estadisticas_operarios.api] ✅ SUCCESS: Estadísticas obtenidas correctamente | Details: {"total":"3","available":"3","unavailable":"0"}
[00:19:52.756] [SYSTEM ] [logger.system       ] 🚀 Sistema de logging CopFlow v3.0 inicializado - by Diomedez98
[00:19:52.797] [SUCCESS] [estadisticas_operarios.api] ✅ SUCCESS: Estadísticas obtenidas correctamente | Details: {"total":"3","available":"3","unavailable":"0"}
[00:22:52.479] [SYSTEM ] [logger.system       ] 🚀 Sistema de logging CopFlow v3.0 inicializado - by Diomedez98
[00:22:52.520] [SUCCESS] [estadisticas_operarios.api] ✅ SUCCESS: Estadísticas obtenidas correctamente | Details: {"total":"3","available":"3","unavailable":"0"}
[00:25:53.909] [SYSTEM ] [logger.system       ] 🚀 Sistema de logging CopFlow v3.0 inicializado - by Diomedez98
[00:25:53.950] [SUCCESS] [estadisticas_operarios.api] ✅ SUCCESS: Estadísticas obtenidas correctamente | Details: {"total":"3","available":"3","unavailable":"0"}
[00:28:52.465] [SYSTEM ] [logger.system       ] 🚀 Sistema de logging CopFlow v3.0 inicializado - by Diomedez98
[00:28:52.507] [SUCCESS] [estadisticas_operarios.api] ✅ SUCCESS: Estadísticas obtenidas correctamente | Details: {"total":"3","available":"3","unavailable":"0"}
[00:31:52.478] [SYSTEM ] [logger.system       ] 🚀 Sistema de logging CopFlow v3.0 inicializado - by Diomedez98
[00:31:52.520] [SUCCESS] [estadisticas_operarios.api] ✅ SUCCESS: Estadísticas obtenidas correctamente | Details: {"total":"3","available":"3","unavailable":"0"}
[00:34:52.483] [SYSTEM ] [logger.system       ] 🚀 Sistema de logging CopFlow v3.0 inicializado - by Diomedez98
[00:34:52.525] [SUCCESS] [estadisticas_operarios.api] ✅ SUCCESS: Estadísticas obtenidas correctamente | Details: {"total":"3","available":"3","unavailable":"0"}
[00:35:14.892] [SYSTEM ] [logger.system       ] 🚀 Sistema de logging CopFlow v3.0 inicializado - by Diomedez98
[00:35:14.894] [SYSTEM ] [logger.system       ] 🚀 Sistema de logging CopFlow v3.0 inicializado - by Diomedez98
[00:35:14.895] [INFO   ] [usuarios.php        ] Filtros recibidos: search='', role='', status='', page=1, per_page=10
[00:35:14.937] [SYSTEM ] [logger.system       ] 🚀 Sistema de logging CopFlow v3.0 inicializado - by Diomedez98
[00:35:15.024] [SUCCESS] [estadisticas_operarios.api] ✅ SUCCESS: Estadísticas obtenidas correctamente | Details: {"total":"3","available":"3","unavailable":"0"}
[00:35:15.268] [SUCCESS] [estadisticas_usuarios.api] ✅ SUCCESS: Estadísticas obtenidas correctamente | Details: {"total":1,"active":1,"inactive":0,"admins":1}
[00:35:15.458] [SYSTEM ] [logger.system       ] 🚀 Sistema de logging CopFlow v3.0 inicializado - by Diomedez98
[00:35:15.458] [INFO   ] [whatsapp.php        ] Módulo WhatsApp cargado por usuario: Noe Diomedes Diaz Madrigal (rol=usuario, id=1)
[00:35:15.699] [SYSTEM ] [logger.system       ] 🚀 Sistema de logging CopFlow v3.0 inicializado - by Diomedez98
[00:35:15.700] [INFO   ] [whatsapp.php        ] Módulo WhatsApp cargado por usuario: Noe Diomedes Diaz Madrigal (rol=usuario, id=1)
[00:35:15.954] [SYSTEM ] [logger.system       ] 🚀 Sistema de logging CopFlow v3.0 inicializado - by Diomedez98
[00:35:15.955] [INFO   ] [whatsapp.php        ] Módulo WhatsApp cargado por usuario: Noe Diomedes Diaz Madrigal (rol=usuario, id=1)
[00:35:15.998] [INFO   ] [usuarios.php        ] Módulo usuarios v2.2 cargado. Total=1, Página=1, PerPage=10
[00:35:16.225] [SYSTEM ] [logger.system       ] 🚀 Sistema de logging CopFlow v3.0 inicializado - by Diomedez98
[00:35:16.267] [SYSTEM ] [logger.system       ] 🚀 Sistema de logging CopFlow v3.0 inicializado - by Diomedez98
[00:35:16.267] [INFO   ] [usuarios.php        ] Filtros recibidos: search='', role='', status='', page=1, per_page=10
[00:35:16.466] [SYSTEM ] [logger.system       ] 🚀 Sistema de logging CopFlow v3.0 inicializado - by Diomedez98
[00:35:16.631] [INFO   ] [obtener_chats.php   ] Consultados 2 chats por Noe Diomedes Diaz Madrigal (id=1)
[00:35:16.789] [SUCCESS] [estadisticas_usuarios.api] ✅ SUCCESS: Estadísticas obtenidas correctamente | Details: {"total":1,"active":1,"inactive":0,"admins":1}
[00:35:16.868] [SYSTEM ] [logger.system       ] 🚀 Sistema de logging CopFlow v3.0 inicializado - by Diomedez98
[00:35:17.273] [INFO   ] [obtener_chats.php   ] Consultados 2 chats por Noe Diomedes Diaz Madrigal (id=1)
[00:35:17.315] [INFO   ] [usuarios.php        ] Módulo usuarios v2.2 cargado. Total=1, Página=1, PerPage=10
[00:35:17.709] [SYSTEM ] [logger.system       ] 🚀 Sistema de logging CopFlow v3.0 inicializado - by Diomedez98
[00:35:17.709] [INFO   ] [usuarios.php        ] Filtros recibidos: search='', role='', status='', page=1, per_page=10
[00:35:17.829] [SYSTEM ] [logger.system       ] 🚀 Sistema de logging CopFlow v3.0 inicializado - by Diomedez98
[00:35:18.148] [SUCCESS] [estadisticas_usuarios.api] ✅ SUCCESS: Estadísticas obtenidas correctamente | Details: {"total":1,"active":1,"inactive":0,"admins":1}
[00:35:18.510] [INFO   ] [usuarios.php        ] Módulo usuarios v2.2 cargado. Total=1, Página=1, PerPage=10
[00:35:18.982] [SYSTEM ] [logger.system       ] 🚀 Sistema de logging CopFlow v3.0 inicializado - by Diomedez98
[00:35:19.142] [SUCCESS] [estadisticas_usuarios.api] ✅ SUCCESS: Estadísticas obtenidas correctamente | Details: {"total":1,"active":1,"inactive":0,"admins":1}
[00:35:19.469] [SYSTEM ] [logger.system       ] 🚀 Sistema de logging CopFlow v3.0 inicializado - by Diomedez98
[00:35:19.550] [INFO   ] [obtener_mensajes.php] Consultados 52 mensajes para chat 2 por Noe Diomedes Diaz Madrigal (id=1)
[00:38:14.538] [SYSTEM ] [logger.system       ] 🚀 Sistema de logging CopFlow v3.0 inicializado - by Diomedez98
[00:38:14.578] [SUCCESS] [estadisticas_operarios.api] ✅ SUCCESS: Estadísticas obtenidas correctamente | Details: {"total":"3","available":"3","unavailable":"0"}
[00:41:14.453] [SYSTEM ] [logger.system       ] 🚀 Sistema de logging CopFlow v3.0 inicializado - by Diomedez98
[00:41:14.495] [SUCCESS] [estadisticas_operarios.api] ✅ SUCCESS: Estadísticas obtenidas correctamente | Details: {"total":"3","available":"3","unavailable":"0"}
[00:44:14.695] [SYSTEM ] [logger.system       ] 🚀 Sistema de logging CopFlow v3.0 inicializado - by Diomedez98
[00:44:14.742] [SUCCESS] [estadisticas_operarios.api] ✅ SUCCESS: Estadísticas obtenidas correctamente | Details: {"total":"3","available":"3","unavailable":"0"}
[00:47:14.643] [SYSTEM ] [logger.system       ] 🚀 Sistema de logging CopFlow v3.0 inicializado - by Diomedez98
[00:47:14.684] [SUCCESS] [estadisticas_operarios.api] ✅ SUCCESS: Estadísticas obtenidas correctamente | Details: {"total":"3","available":"3","unavailable":"0"}
[00:50:16.658] [SYSTEM ] [logger.system       ] 🚀 Sistema de logging CopFlow v3.0 inicializado - by Diomedez98
[00:50:16.700] [SUCCESS] [estadisticas_operarios.api] ✅ SUCCESS: Estadísticas obtenidas correctamente | Details: {"total":"3","available":"3","unavailable":"0"}
[00:53:52.643] [SYSTEM ] [logger.system       ] 🚀 Sistema de logging CopFlow v3.0 inicializado - by Diomedez98
[00:53:52.684] [SUCCESS] [estadisticas_operarios.api] ✅ SUCCESS: Estadísticas obtenidas correctamente | Details: {"total":"3","available":"3","unavailable":"0"}
[00:56:52.953] [SYSTEM ] [logger.system       ] 🚀 Sistema de logging CopFlow v3.0 inicializado - by Diomedez98
[00:56:53.001] [SUCCESS] [estadisticas_operarios.api] ✅ SUCCESS: Estadísticas obtenidas correctamente | Details: {"total":"3","available":"3","unavailable":"0"}
[00:59:52.485] [SYSTEM ] [logger.system       ] 🚀 Sistema de logging CopFlow v3.0 inicializado - by Diomedez98
[00:59:52.525] [SUCCESS] [estadisticas_operarios.api] ✅ SUCCESS: Estadísticas obtenidas correctamente | Details: {"total":"3","available":"3","unavailable":"0"}
[01:02:52.480] [SYSTEM ] [logger.system       ] 🚀 Sistema de logging CopFlow v3.0 inicializado - by Diomedez98
[01:02:52.520] [SUCCESS] [estadisticas_operarios.api] ✅ SUCCESS: Estadísticas obtenidas correctamente | Details: {"total":"3","available":"3","unavailable":"0"}
[01:05:52.475] [SYSTEM ] [logger.system       ] 🚀 Sistema de logging CopFlow v3.0 inicializado - by Diomedez98
[01:05:52.516] [SUCCESS] [estadisticas_operarios.api] ✅ SUCCESS: Estadísticas obtenidas correctamente | Details: {"total":"3","available":"3","unavailable":"0"}
[01:08:52.471] [SYSTEM ] [logger.system       ] 🚀 Sistema de logging CopFlow v3.0 inicializado - by Diomedez98
[01:08:52.511] [SUCCESS] [estadisticas_operarios.api] ✅ SUCCESS: Estadísticas obtenidas correctamente | Details: {"total":"3","available":"3","unavailable":"0"}
[01:11:52.484] [SYSTEM ] [logger.system       ] 🚀 Sistema de logging CopFlow v3.0 inicializado - by Diomedez98
[01:11:52.525] [SUCCESS] [estadisticas_operarios.api] ✅ SUCCESS: Estadísticas obtenidas correctamente | Details: {"total":"3","available":"3","unavailable":"0"}
[01:14:53.260] [SYSTEM ] [logger.system       ] 🚀 Sistema de logging CopFlow v3.0 inicializado - by Diomedez98
[01:14:53.300] [SUCCESS] [estadisticas_operarios.api] ✅ SUCCESS: Estadísticas obtenidas correctamente | Details: {"total":"3","available":"3","unavailable":"0"}
[01:17:52.743] [SYSTEM ] [logger.system       ] 🚀 Sistema de logging CopFlow v3.0 inicializado - by Diomedez98
[01:17:52.785] [SUCCESS] [estadisticas_operarios.api] ✅ SUCCESS: Estadísticas obtenidas correctamente | Details: {"total":"3","available":"3","unavailable":"0"}
[01:20:14.455] [SYSTEM ] [logger.system       ] 🚀 Sistema de logging CopFlow v3.0 inicializado - by Diomedez98
[01:20:14.496] [SUCCESS] [estadisticas_operarios.api] ✅ SUCCESS: Estadísticas obtenidas correctamente | Details: {"total":"3","available":"3","unavailable":"0"}
[01:23:52.464] [SYSTEM ] [logger.system       ] 🚀 Sistema de logging CopFlow v3.0 inicializado - by Diomedez98
[01:23:52.506] [SUCCESS] [estadisticas_operarios.api] ✅ SUCCESS: Estadísticas obtenidas correctamente | Details: {"total":"3","available":"3","unavailable":"0"}
[01:26:54.706] [SYSTEM ] [logger.system       ] 🚀 Sistema de logging CopFlow v3.0 inicializado - by Diomedez98
[01:26:54.747] [SUCCESS] [estadisticas_operarios.api] ✅ SUCCESS: Estadísticas obtenidas correctamente | Details: {"total":"3","available":"3","unavailable":"0"}
[01:29:52.474] [SYSTEM ] [logger.system       ] 🚀 Sistema de logging CopFlow v3.0 inicializado - by Diomedez98
[01:29:52.516] [SUCCESS] [estadisticas_operarios.api] ✅ SUCCESS: Estadísticas obtenidas correctamente | Details: {"total":"3","available":"3","unavailable":"0"}
[01:30:29.978] [SYSTEM ] [logger.system       ] 🚀 Sistema de logging CopFlow v3.0 inicializado - by Diomedez98
[01:30:30.059] [INFO   ] [obtener_mensajes.php] Consultados 1 mensajes para chat 1 por Noe Diomedes Diaz Madrigal (id=1)
[01:30:30.448] [SYSTEM ] [logger.system       ] 🚀 Sistema de logging CopFlow v3.0 inicializado - by Diomedez98
[01:30:30.530] [INFO   ] [obtener_mensajes.php] Consultados 54 mensajes para chat 2 por Noe Diomedes Diaz Madrigal (id=1)
[01:32:52.662] [SYSTEM ] [logger.system       ] 🚀 Sistema de logging CopFlow v3.0 inicializado - by Diomedez98
[01:32:52.711] [SUCCESS] [estadisticas_operarios.api] ✅ SUCCESS: Estadísticas obtenidas correctamente | Details: {"total":"3","available":"3","unavailable":"0"}
[01:35:14.535] [SYSTEM ] [logger.system       ] 🚀 Sistema de logging CopFlow v3.0 inicializado - by Diomedez98
[01:35:14.575] [SUCCESS] [estadisticas_operarios.api] ✅ SUCCESS: Estadísticas obtenidas correctamente | Details: {"total":"3","available":"3","unavailable":"0"}
[01:38:53.524] [SYSTEM ] [logger.system       ] 🚀 Sistema de logging CopFlow v3.0 inicializado - by Diomedez98
[01:38:53.614] [SUCCESS] [estadisticas_operarios.api] ✅ SUCCESS: Estadísticas obtenidas correctamente | Details: {"total":"3","available":"3","unavailable":"0"}
[01:39:58.000] [SYSTEM ] [logger.system       ] 🚀 Sistema de logging CopFlow v3.0 inicializado - by Diomedez98
[01:39:58.002] [SYSTEM ] [logger.system       ] 🚀 Sistema de logging CopFlow v3.0 inicializado - by Diomedez98
[01:39:58.045] [SYSTEM ] [logger.system       ] 🚀 Sistema de logging CopFlow v3.0 inicializado - by Diomedez98
[01:39:58.046] [INFO   ] [usuarios.php        ] Filtros recibidos: search='', role='', status='', page=1, per_page=10
[01:39:58.086] [SUCCESS] [estadisticas_operarios.api] ✅ SUCCESS: Estadísticas obtenidas correctamente | Details: {"total":"3","available":"3","unavailable":"0"}
[01:39:58.326] [SUCCESS] [estadisticas_usuarios.api] ✅ SUCCESS: Estadísticas obtenidas correctamente | Details: {"total":1,"active":1,"inactive":0,"admins":1}
[01:39:58.778] [INFO   ] [usuarios.php        ] Módulo usuarios v2.2 cargado. Total=1, Página=1, PerPage=10
[01:39:59.701] [SYSTEM ] [logger.system       ] 🚀 Sistema de logging CopFlow v3.0 inicializado - by Diomedez98
[01:39:59.702] [INFO   ] [usuarios.php        ] Filtros recibidos: search='', role='', status='', page=1, per_page=10
[01:40:00.642] [SYSTEM ] [logger.system       ] 🚀 Sistema de logging CopFlow v3.0 inicializado - by Diomedez98
[01:40:01.004] [SUCCESS] [estadisticas_usuarios.api] ✅ SUCCESS: Estadísticas obtenidas correctamente | Details: {"total":1,"active":1,"inactive":0,"admins":1}
[01:40:01.166] [INFO   ] [usuarios.php        ] Módulo usuarios v2.2 cargado. Total=1, Página=1, PerPage=10
[01:40:02.038] [SYSTEM ] [logger.system       ] 🚀 Sistema de logging CopFlow v3.0 inicializado - by Diomedez98
[01:40:02.039] [INFO   ] [usuarios.php        ] Filtros recibidos: search='', role='', status='', page=1, per_page=10
[01:40:02.161] [SYSTEM ] [logger.system       ] 🚀 Sistema de logging CopFlow v3.0 inicializado - by Diomedez98
[01:40:02.330] [SYSTEM ] [logger.system       ] 🚀 Sistema de logging CopFlow v3.0 inicializado - by Diomedez98
[01:40:02.330] [INFO   ] [whatsapp.php        ] Módulo WhatsApp cargado por usuario: Noe Diomedes Diaz Madrigal (rol=usuario, id=1)
[01:40:02.510] [SUCCESS] [estadisticas_usuarios.api] ✅ SUCCESS: Estadísticas obtenidas correctamente | Details: {"total":1,"active":1,"inactive":0,"admins":1}
[01:40:02.633] [SYSTEM ] [logger.system       ] 🚀 Sistema de logging CopFlow v3.0 inicializado - by Diomedez98
[01:40:02.634] [INFO   ] [whatsapp.php        ] Módulo WhatsApp cargado por usuario: Noe Diomedes Diaz Madrigal (rol=usuario, id=1)
[01:40:02.941] [SYSTEM ] [logger.system       ] 🚀 Sistema de logging CopFlow v3.0 inicializado - by Diomedez98
[01:40:02.941] [INFO   ] [whatsapp.php        ] Módulo WhatsApp cargado por usuario: Noe Diomedes Diaz Madrigal (rol=usuario, id=1)
[01:40:03.186] [SYSTEM ] [logger.system       ] 🚀 Sistema de logging CopFlow v3.0 inicializado - by Diomedez98
[01:40:03.227] [INFO   ] [usuarios.php        ] Módulo usuarios v2.2 cargado. Total=1, Página=1, PerPage=10
[01:40:03.613] [INFO   ] [obtener_chats.php   ] Consultados 2 chats por Noe Diomedes Diaz Madrigal (id=1)
[01:40:03.710] [SYSTEM ] [logger.system       ] 🚀 Sistema de logging CopFlow v3.0 inicializado - by Diomedez98
[01:40:04.043] [SYSTEM ] [logger.system       ] 🚀 Sistema de logging CopFlow v3.0 inicializado - by Diomedez98
[01:40:04.163] [SUCCESS] [estadisticas_usuarios.api] ✅ SUCCESS: Estadísticas obtenidas correctamente | Details: {"total":1,"active":1,"inactive":0,"admins":1}
[01:40:04.360] [INFO   ] [obtener_chats.php   ] Consultados 2 chats por Noe Diomedes Diaz Madrigal (id=1)
[01:40:05.824] [SYSTEM ] [logger.system       ] 🚀 Sistema de logging CopFlow v3.0 inicializado - by Diomedez98
[01:40:05.905] [INFO   ] [obtener_mensajes.php] Consultados 56 mensajes para chat 2 por Noe Diomedes Diaz Madrigal (id=1)
[01:42:58.458] [SYSTEM ] [logger.system       ] 🚀 Sistema de logging CopFlow v3.0 inicializado - by Diomedez98
[01:42:58.500] [SUCCESS] [estadisticas_operarios.api] ✅ SUCCESS: Estadísticas obtenidas correctamente | Details: {"total":"3","available":"3","unavailable":"0"}
[01:45:58.453] [SYSTEM ] [logger.system       ] 🚀 Sistema de logging CopFlow v3.0 inicializado - by Diomedez98
[01:45:58.494] [SUCCESS] [estadisticas_operarios.api] ✅ SUCCESS: Estadísticas obtenidas correctamente | Details: {"total":"3","available":"3","unavailable":"0"}
[01:48:58.460] [SYSTEM ] [logger.system       ] 🚀 Sistema de logging CopFlow v3.0 inicializado - by Diomedez98
[01:48:58.501] [SUCCESS] [estadisticas_operarios.api] ✅ SUCCESS: Estadísticas obtenidas correctamente | Details: {"total":"3","available":"3","unavailable":"0"}
[01:51:58.459] [SYSTEM ] [logger.system       ] 🚀 Sistema de logging CopFlow v3.0 inicializado - by Diomedez98
[01:51:58.501] [SUCCESS] [estadisticas_operarios.api] ✅ SUCCESS: Estadísticas obtenidas correctamente | Details: {"total":"3","available":"3","unavailable":"0"}
[01:54:59.652] [SYSTEM ] [logger.system       ] 🚀 Sistema de logging CopFlow v3.0 inicializado - by Diomedez98
[01:54:59.694] [SUCCESS] [estadisticas_operarios.api] ✅ SUCCESS: Estadísticas obtenidas correctamente | Details: {"total":"3","available":"3","unavailable":"0"}
[01:58:52.516] [SYSTEM ] [logger.system       ] 🚀 Sistema de logging CopFlow v3.0 inicializado - by Diomedez98
[01:58:52.557] [SUCCESS] [estadisticas_operarios.api] ✅ SUCCESS: Estadísticas obtenidas correctamente | Details: {"total":"3","available":"3","unavailable":"0"}
[02:01:52.478] [SYSTEM ] [logger.system       ] 🚀 Sistema de logging CopFlow v3.0 inicializado - by Diomedez98
[02:01:52.520] [SUCCESS] [estadisticas_operarios.api] ✅ SUCCESS: Estadísticas obtenidas correctamente | Details: {"total":"3","available":"3","unavailable":"0"}
[02:04:52.531] [SYSTEM ] [logger.system       ] 🚀 Sistema de logging CopFlow v3.0 inicializado - by Diomedez98
[02:04:52.571] [SUCCESS] [estadisticas_operarios.api] ✅ SUCCESS: Estadísticas obtenidas correctamente | Details: {"total":"3","available":"3","unavailable":"0"}
[02:05:53.261] [SYSTEM ] [logger.system       ] 🚀 Sistema de logging CopFlow v3.0 inicializado - by Diomedez98
[02:05:53.262] [INFO   ] [destruir_sesion.php ] ✅ Sesión cerrada: ID=1 (Noe Diomedes Diaz Madrigal, rol=admin)
[02:14:56.149] [SYSTEM ] [logger.system       ] 🚀 Sistema de logging CopFlow v3.0 inicializado - by Diomedez98
[02:14:56.150] [INFO   ] [validar_login.php   ] POST recibido: Array
(
    [email] => soporteclangsm@gmail.com
    [password] => admin123
)

[02:14:56.309] [INFO   ] [validar_login.php   ] ✅ Login exitoso en users: soporteclangsm@gmail.com (admin)
[02:14:59.378] [SYSTEM ] [logger.system       ] 🚀 Sistema de logging CopFlow v3.0 inicializado - by Diomedez98
[02:14:59.419] [SYSTEM ] [logger.system       ] 🚀 Sistema de logging CopFlow v3.0 inicializado - by Diomedez98
[02:14:59.419] [SYSTEM ] [logger.system       ] 🚀 Sistema de logging CopFlow v3.0 inicializado - by Diomedez98
[02:14:59.419] [INFO   ] [usuarios.php        ] Filtros recibidos: search='', role='', status='', page=1, per_page=10
[02:14:59.502] [SUCCESS] [estadisticas_operarios.api] ✅ SUCCESS: Estadísticas obtenidas correctamente | Details: {"total":"3","available":"3","unavailable":"0"}
[02:14:59.699] [SUCCESS] [estadisticas_usuarios.api] ✅ SUCCESS: Estadísticas obtenidas correctamente | Details: {"total":1,"active":1,"inactive":0,"admins":1}
[02:15:00.150] [INFO   ] [usuarios.php        ] Módulo usuarios v2.2 cargado. Total=1, Página=1, PerPage=10
[02:15:00.415] [SYSTEM ] [logger.system       ] 🚀 Sistema de logging CopFlow v3.0 inicializado - by Diomedez98
[02:15:00.415] [INFO   ] [usuarios.php        ] Filtros recibidos: search='', role='', status='', page=1, per_page=10
[02:15:00.698] [SYSTEM ] [logger.system       ] 🚀 Sistema de logging CopFlow v3.0 inicializado - by Diomedez98
[02:15:01.014] [SUCCESS] [estadisticas_usuarios.api] ✅ SUCCESS: Estadísticas obtenidas correctamente | Details: {"total":1,"active":1,"inactive":0,"admins":1}
[02:15:01.257] [INFO   ] [usuarios.php        ] Módulo usuarios v2.2 cargado. Total=1, Página=1, PerPage=10
[02:15:01.596] [SYSTEM ] [logger.system       ] 🚀 Sistema de logging CopFlow v3.0 inicializado - by Diomedez98
[02:15:01.597] [INFO   ] [usuarios.php        ] Filtros recibidos: search='', role='', status='', page=1, per_page=10
[02:15:01.637] [SYSTEM ] [logger.system       ] 🚀 Sistema de logging CopFlow v3.0 inicializado - by Diomedez98
[02:15:01.962] [SUCCESS] [estadisticas_usuarios.api] ✅ SUCCESS: Estadísticas obtenidas correctamente | Details: {"total":1,"active":1,"inactive":0,"admins":1}
[02:15:02.383] [INFO   ] [usuarios.php        ] Módulo usuarios v2.2 cargado. Total=1, Página=1, PerPage=10
[02:15:02.790] [SYSTEM ] [logger.system       ] 🚀 Sistema de logging CopFlow v3.0 inicializado - by Diomedez98
[02:15:02.953] [SUCCESS] [estadisticas_usuarios.api] ✅ SUCCESS: Estadísticas obtenidas correctamente | Details: {"total":1,"active":1,"inactive":0,"admins":1}
[02:16:38.621] [SYSTEM ] [logger.system       ] 🚀 Sistema de logging CopFlow v3.0 inicializado - by Diomedez98
[02:16:38.622] [INFO   ] [whatsapp.php        ] Módulo WhatsApp cargado por usuario: Noe Diomedes Diaz Madrigal (rol=usuario, id=1)
[02:16:38.869] [SYSTEM ] [logger.system       ] 🚀 Sistema de logging CopFlow v3.0 inicializado - by Diomedez98
[02:16:38.870] [INFO   ] [whatsapp.php        ] Módulo WhatsApp cargado por usuario: Noe Diomedes Diaz Madrigal (rol=usuario, id=1)
[02:16:39.117] [SYSTEM ] [logger.system       ] 🚀 Sistema de logging CopFlow v3.0 inicializado - by Diomedez98
[02:16:39.117] [INFO   ] [whatsapp.php        ] Módulo WhatsApp cargado por usuario: Noe Diomedes Diaz Madrigal (rol=usuario, id=1)
[02:16:39.360] [SYSTEM ] [logger.system       ] 🚀 Sistema de logging CopFlow v3.0 inicializado - by Diomedez98
[02:16:39.562] [INFO   ] [obtener_chats.php   ] Consultados 2 chats por Noe Diomedes Diaz Madrigal (id=1)
[02:16:40.099] [SYSTEM ] [logger.system       ] 🚀 Sistema de logging CopFlow v3.0 inicializado - by Diomedez98
[02:16:40.299] [INFO   ] [obtener_chats.php   ] Consultados 2 chats por Noe Diomedes Diaz Madrigal (id=1)
[02:16:59.472] [SYSTEM ] [logger.system       ] 🚀 Sistema de logging CopFlow v3.0 inicializado - by Diomedez98
[02:16:59.555] [INFO   ] [obtener_mensajes.php] Consultados 56 mensajes para chat 2 por Noe Diomedes Diaz Madrigal (id=1)
[02:18:00.658] [SYSTEM ] [logger.system       ] 🚀 Sistema de logging CopFlow v3.0 inicializado - by Diomedez98
[02:18:00.708] [SUCCESS] [estadisticas_operarios.api] ✅ SUCCESS: Estadísticas obtenidas correctamente | Details: {"total":"3","available":"3","unavailable":"0"}
[02:20:59.450] [SYSTEM ] [logger.system       ] 🚀 Sistema de logging CopFlow v3.0 inicializado - by Diomedez98
[02:20:59.491] [SUCCESS] [estadisticas_operarios.api] ✅ SUCCESS: Estadísticas obtenidas correctamente | Details: {"total":"3","available":"3","unavailable":"0"}
[02:22:01.091] [SYSTEM ] [logger.system       ] 🚀 Sistema de logging CopFlow v3.0 inicializado - by Diomedez98
[02:22:01.176] [INFO   ] [registrar_mensaje.php] 📩 Mensaje guardado en chat 2
[02:23:59.453] [SYSTEM ] [logger.system       ] 🚀 Sistema de logging CopFlow v3.0 inicializado - by Diomedez98
[02:23:59.495] [SUCCESS] [estadisticas_operarios.api] ✅ SUCCESS: Estadísticas obtenidas correctamente | Details: {"total":"3","available":"3","unavailable":"0"}
[02:26:59.455] [SYSTEM ] [logger.system       ] 🚀 Sistema de logging CopFlow v3.0 inicializado - by Diomedez98
[02:26:59.495] [SUCCESS] [estadisticas_operarios.api] ✅ SUCCESS: Estadísticas obtenidas correctamente | Details: {"total":"3","available":"3","unavailable":"0"}
[02:29:59.455] [SYSTEM ] [logger.system       ] 🚀 Sistema de logging CopFlow v3.0 inicializado - by Diomedez98
[02:29:59.496] [SUCCESS] [estadisticas_operarios.api] ✅ SUCCESS: Estadísticas obtenidas correctamente | Details: {"total":"3","available":"3","unavailable":"0"}
[02:33:52.733] [SYSTEM ] [logger.system       ] 🚀 Sistema de logging CopFlow v3.0 inicializado - by Diomedez98
[02:33:52.773] [SUCCESS] [estadisticas_operarios.api] ✅ SUCCESS: Estadísticas obtenidas correctamente | Details: {"total":"3","available":"3","unavailable":"0"}
[02:36:52.487] [SYSTEM ] [logger.system       ] 🚀 Sistema de logging CopFlow v3.0 inicializado - by Diomedez98
[02:36:52.530] [SUCCESS] [estadisticas_operarios.api] ✅ SUCCESS: Estadísticas obtenidas correctamente | Details: {"total":"3","available":"3","unavailable":"0"}
[02:39:52.590] [SYSTEM ] [logger.system       ] 🚀 Sistema de logging CopFlow v3.0 inicializado - by Diomedez98
[02:39:52.634] [SUCCESS] [estadisticas_operarios.api] ✅ SUCCESS: Estadísticas obtenidas correctamente | Details: {"total":"3","available":"3","unavailable":"0"}
[02:42:52.475] [SYSTEM ] [logger.system       ] 🚀 Sistema de logging CopFlow v3.0 inicializado - by Diomedez98
[02:42:52.521] [SUCCESS] [estadisticas_operarios.api] ✅ SUCCESS: Estadísticas obtenidas correctamente | Details: {"total":"3","available":"3","unavailable":"0"}
[02:45:52.471] [SYSTEM ] [logger.system       ] 🚀 Sistema de logging CopFlow v3.0 inicializado - by Diomedez98
[02:45:52.512] [SUCCESS] [estadisticas_operarios.api] ✅ SUCCESS: Estadísticas obtenidas correctamente | Details: {"total":"3","available":"3","unavailable":"0"}
[02:48:52.460] [SYSTEM ] [logger.system       ] 🚀 Sistema de logging CopFlow v3.0 inicializado - by Diomedez98
[02:48:52.507] [SUCCESS] [estadisticas_operarios.api] ✅ SUCCESS: Estadísticas obtenidas correctamente | Details: {"total":"3","available":"3","unavailable":"0"}
[02:51:54.181] [SYSTEM ] [logger.system       ] 🚀 Sistema de logging CopFlow v3.0 inicializado - by Diomedez98
[02:51:54.223] [SUCCESS] [estadisticas_operarios.api] ✅ SUCCESS: Estadísticas obtenidas correctamente | Details: {"total":"3","available":"3","unavailable":"0"}
[02:54:52.466] [SYSTEM ] [logger.system       ] 🚀 Sistema de logging CopFlow v3.0 inicializado - by Diomedez98
[02:54:52.508] [SUCCESS] [estadisticas_operarios.api] ✅ SUCCESS: Estadísticas obtenidas correctamente | Details: {"total":"3","available":"3","unavailable":"0"}
[02:57:52.469] [SYSTEM ] [logger.system       ] 🚀 Sistema de logging CopFlow v3.0 inicializado - by Diomedez98
[02:57:52.510] [SUCCESS] [estadisticas_operarios.api] ✅ SUCCESS: Estadísticas obtenidas correctamente | Details: {"total":"3","available":"3","unavailable":"0"}
[03:00:52.576] [SYSTEM ] [logger.system       ] 🚀 Sistema de logging CopFlow v3.0 inicializado - by Diomedez98
[03:00:52.621] [SUCCESS] [estadisticas_operarios.api] ✅ SUCCESS: Estadísticas obtenidas correctamente | Details: {"total":"3","available":"3","unavailable":"0"}
[03:03:52.483] [SYSTEM ] [logger.system       ] 🚀 Sistema de logging CopFlow v3.0 inicializado - by Diomedez98
[03:03:52.528] [SUCCESS] [estadisticas_operarios.api] ✅ SUCCESS: Estadísticas obtenidas correctamente | Details: {"total":"3","available":"3","unavailable":"0"}
[03:06:52.466] [SYSTEM ] [logger.system       ] 🚀 Sistema de logging CopFlow v3.0 inicializado - by Diomedez98
[03:06:52.507] [SUCCESS] [estadisticas_operarios.api] ✅ SUCCESS: Estadísticas obtenidas correctamente | Details: {"total":"3","available":"3","unavailable":"0"}
[03:09:52.460] [SYSTEM ] [logger.system       ] 🚀 Sistema de logging CopFlow v3.0 inicializado - by Diomedez98
[03:09:52.502] [SUCCESS] [estadisticas_operarios.api] ✅ SUCCESS: Estadísticas obtenidas correctamente | Details: {"total":"3","available":"3","unavailable":"0"}
[03:12:52.683] [SYSTEM ] [logger.system       ] 🚀 Sistema de logging CopFlow v3.0 inicializado - by Diomedez98
[03:12:52.724] [SUCCESS] [estadisticas_operarios.api] ✅ SUCCESS: Estadísticas obtenidas correctamente | Details: {"total":"3","available":"3","unavailable":"0"}
[03:15:52.564] [SYSTEM ] [logger.system       ] 🚀 Sistema de logging CopFlow v3.0 inicializado - by Diomedez98
[03:15:52.605] [SUCCESS] [estadisticas_operarios.api] ✅ SUCCESS: Estadísticas obtenidas correctamente | Details: {"total":"3","available":"3","unavailable":"0"}
[03:18:52.467] [SYSTEM ] [logger.system       ] 🚀 Sistema de logging CopFlow v3.0 inicializado - by Diomedez98
[03:18:52.507] [SUCCESS] [estadisticas_operarios.api] ✅ SUCCESS: Estadísticas obtenidas correctamente | Details: {"total":"3","available":"3","unavailable":"0"}
[03:21:52.467] [SYSTEM ] [logger.system       ] 🚀 Sistema de logging CopFlow v3.0 inicializado - by Diomedez98
[03:21:52.509] [SUCCESS] [estadisticas_operarios.api] ✅ SUCCESS: Estadísticas obtenidas correctamente | Details: {"total":"3","available":"3","unavailable":"0"}
[03:24:52.475] [SYSTEM ] [logger.system       ] 🚀 Sistema de logging CopFlow v3.0 inicializado - by Diomedez98
[03:24:52.518] [SUCCESS] [estadisticas_operarios.api] ✅ SUCCESS: Estadísticas obtenidas correctamente | Details: {"total":"3","available":"3","unavailable":"0"}
[03:27:52.472] [SYSTEM ] [logger.system       ] 🚀 Sistema de logging CopFlow v3.0 inicializado - by Diomedez98
[03:27:52.513] [SUCCESS] [estadisticas_operarios.api] ✅ SUCCESS: Estadísticas obtenidas correctamente | Details: {"total":"3","available":"3","unavailable":"0"}
[03:30:52.598] [SYSTEM ] [logger.system       ] 🚀 Sistema de logging CopFlow v3.0 inicializado - by Diomedez98
[03:30:52.639] [SUCCESS] [estadisticas_operarios.api] ✅ SUCCESS: Estadísticas obtenidas correctamente | Details: {"total":"3","available":"3","unavailable":"0"}
[03:33:52.599] [SYSTEM ] [logger.system       ] 🚀 Sistema de logging CopFlow v3.0 inicializado - by Diomedez98
[03:33:52.640] [SUCCESS] [estadisticas_operarios.api] ✅ SUCCESS: Estadísticas obtenidas correctamente | Details: {"total":"3","available":"3","unavailable":"0"}
[03:36:53.052] [SYSTEM ] [logger.system       ] 🚀 Sistema de logging CopFlow v3.0 inicializado - by Diomedez98
[03:36:53.096] [SUCCESS] [estadisticas_operarios.api] ✅ SUCCESS: Estadísticas obtenidas correctamente | Details: {"total":"3","available":"3","unavailable":"0"}
[03:39:52.478] [SYSTEM ] [logger.system       ] 🚀 Sistema de logging CopFlow v3.0 inicializado - by Diomedez98
[03:39:52.519] [SUCCESS] [estadisticas_operarios.api] ✅ SUCCESS: Estadísticas obtenidas correctamente | Details: {"total":"3","available":"3","unavailable":"0"}
[03:42:52.497] [SYSTEM ] [logger.system       ] 🚀 Sistema de logging CopFlow v3.0 inicializado - by Diomedez98
[03:42:52.539] [SUCCESS] [estadisticas_operarios.api] ✅ SUCCESS: Estadísticas obtenidas correctamente | Details: {"total":"3","available":"3","unavailable":"0"}
[03:45:52.621] [SYSTEM ] [logger.system       ] 🚀 Sistema de logging CopFlow v3.0 inicializado - by Diomedez98
[03:45:52.663] [SUCCESS] [estadisticas_operarios.api] ✅ SUCCESS: Estadísticas obtenidas correctamente | Details: {"total":"3","available":"3","unavailable":"0"}
[03:48:52.473] [SYSTEM ] [logger.system       ] 🚀 Sistema de logging CopFlow v3.0 inicializado - by Diomedez98
[03:48:52.514] [SUCCESS] [estadisticas_operarios.api] ✅ SUCCESS: Estadísticas obtenidas correctamente | Details: {"total":"3","available":"3","unavailable":"0"}
[03:51:52.511] [SYSTEM ] [logger.system       ] 🚀 Sistema de logging CopFlow v3.0 inicializado - by Diomedez98
[03:51:52.552] [SUCCESS] [estadisticas_operarios.api] ✅ SUCCESS: Estadísticas obtenidas correctamente | Details: {"total":"3","available":"3","unavailable":"0"}
[03:54:52.458] [SYSTEM ] [logger.system       ] 🚀 Sistema de logging CopFlow v3.0 inicializado - by Diomedez98
[03:54:52.500] [SUCCESS] [estadisticas_operarios.api] ✅ SUCCESS: Estadísticas obtenidas correctamente | Details: {"total":"3","available":"3","unavailable":"0"}
[03:57:52.466] [SYSTEM ] [logger.system       ] 🚀 Sistema de logging CopFlow v3.0 inicializado - by Diomedez98
[03:57:52.508] [SUCCESS] [estadisticas_operarios.api] ✅ SUCCESS: Estadísticas obtenidas correctamente | Details: {"total":"3","available":"3","unavailable":"0"}
[04:00:52.461] [SYSTEM ] [logger.system       ] 🚀 Sistema de logging CopFlow v3.0 inicializado - by Diomedez98
[04:00:52.502] [SUCCESS] [estadisticas_operarios.api] ✅ SUCCESS: Estadísticas obtenidas correctamente | Details: {"total":"3","available":"3","unavailable":"0"}
[04:03:52.490] [SYSTEM ] [logger.system       ] 🚀 Sistema de logging CopFlow v3.0 inicializado - by Diomedez98
[04:03:52.532] [SUCCESS] [estadisticas_operarios.api] ✅ SUCCESS: Estadísticas obtenidas correctamente | Details: {"total":"3","available":"3","unavailable":"0"}
[04:06:52.470] [SYSTEM ] [logger.system       ] 🚀 Sistema de logging CopFlow v3.0 inicializado - by Diomedez98
[04:06:52.511] [SUCCESS] [estadisticas_operarios.api] ✅ SUCCESS: Estadísticas obtenidas correctamente | Details: {"total":"3","available":"3","unavailable":"0"}
[04:09:52.635] [SYSTEM ] [logger.system       ] 🚀 Sistema de logging CopFlow v3.0 inicializado - by Diomedez98
[04:09:52.680] [SUCCESS] [estadisticas_operarios.api] ✅ SUCCESS: Estadísticas obtenidas correctamente | Details: {"total":"3","available":"3","unavailable":"0"}
[04:12:52.476] [SYSTEM ] [logger.system       ] 🚀 Sistema de logging CopFlow v3.0 inicializado - by Diomedez98
[04:12:52.517] [SUCCESS] [estadisticas_operarios.api] ✅ SUCCESS: Estadísticas obtenidas correctamente | Details: {"total":"3","available":"3","unavailable":"0"}
[04:15:52.481] [SYSTEM ] [logger.system       ] 🚀 Sistema de logging CopFlow v3.0 inicializado - by Diomedez98
[04:15:52.522] [SUCCESS] [estadisticas_operarios.api] ✅ SUCCESS: Estadísticas obtenidas correctamente | Details: {"total":"3","available":"3","unavailable":"0"}
[04:18:52.489] [SYSTEM ] [logger.system       ] 🚀 Sistema de logging CopFlow v3.0 inicializado - by Diomedez98
[04:18:52.531] [SUCCESS] [estadisticas_operarios.api] ✅ SUCCESS: Estadísticas obtenidas correctamente | Details: {"total":"3","available":"3","unavailable":"0"}
[04:21:52.526] [SYSTEM ] [logger.system       ] 🚀 Sistema de logging CopFlow v3.0 inicializado - by Diomedez98
[04:21:52.568] [SUCCESS] [estadisticas_operarios.api] ✅ SUCCESS: Estadísticas obtenidas correctamente | Details: {"total":"3","available":"3","unavailable":"0"}
[04:24:52.504] [SYSTEM ] [logger.system       ] 🚀 Sistema de logging CopFlow v3.0 inicializado - by Diomedez98
[04:24:52.546] [SUCCESS] [estadisticas_operarios.api] ✅ SUCCESS: Estadísticas obtenidas correctamente | Details: {"total":"3","available":"3","unavailable":"0"}
[04:27:52.471] [SYSTEM ] [logger.system       ] 🚀 Sistema de logging CopFlow v3.0 inicializado - by Diomedez98
[04:27:52.524] [SUCCESS] [estadisticas_operarios.api] ✅ SUCCESS: Estadísticas obtenidas correctamente | Details: {"total":"3","available":"3","unavailable":"0"}
[04:30:52.459] [SYSTEM ] [logger.system       ] 🚀 Sistema de logging CopFlow v3.0 inicializado - by Diomedez98
[04:30:52.499] [SUCCESS] [estadisticas_operarios.api] ✅ SUCCESS: Estadísticas obtenidas correctamente | Details: {"total":"3","available":"3","unavailable":"0"}
[04:33:52.535] [SYSTEM ] [logger.system       ] 🚀 Sistema de logging CopFlow v3.0 inicializado - by Diomedez98
[04:33:52.575] [SUCCESS] [estadisticas_operarios.api] ✅ SUCCESS: Estadísticas obtenidas correctamente | Details: {"total":"3","available":"3","unavailable":"0"}
[04:36:52.488] [SYSTEM ] [logger.system       ] 🚀 Sistema de logging CopFlow v3.0 inicializado - by Diomedez98
[04:36:52.529] [SUCCESS] [estadisticas_operarios.api] ✅ SUCCESS: Estadísticas obtenidas correctamente | Details: {"total":"3","available":"3","unavailable":"0"}
[04:39:52.541] [SYSTEM ] [logger.system       ] 🚀 Sistema de logging CopFlow v3.0 inicializado - by Diomedez98
[04:39:52.585] [SUCCESS] [estadisticas_operarios.api] ✅ SUCCESS: Estadísticas obtenidas correctamente | Details: {"total":"3","available":"3","unavailable":"0"}
[04:42:52.465] [SYSTEM ] [logger.system       ] 🚀 Sistema de logging CopFlow v3.0 inicializado - by Diomedez98
[04:42:52.505] [SUCCESS] [estadisticas_operarios.api] ✅ SUCCESS: Estadísticas obtenidas correctamente | Details: {"total":"3","available":"3","unavailable":"0"}
[04:45:52.463] [SYSTEM ] [logger.system       ] 🚀 Sistema de logging CopFlow v3.0 inicializado - by Diomedez98
[04:45:52.503] [SUCCESS] [estadisticas_operarios.api] ✅ SUCCESS: Estadísticas obtenidas correctamente | Details: {"total":"3","available":"3","unavailable":"0"}
[04:48:52.486] [SYSTEM ] [logger.system       ] 🚀 Sistema de logging CopFlow v3.0 inicializado - by Diomedez98
[04:48:52.528] [SUCCESS] [estadisticas_operarios.api] ✅ SUCCESS: Estadísticas obtenidas correctamente | Details: {"total":"3","available":"3","unavailable":"0"}
[04:51:52.469] [SYSTEM ] [logger.system       ] 🚀 Sistema de logging CopFlow v3.0 inicializado - by Diomedez98
[04:51:52.511] [SUCCESS] [estadisticas_operarios.api] ✅ SUCCESS: Estadísticas obtenidas correctamente | Details: {"total":"3","available":"3","unavailable":"0"}
[04:54:52.485] [SYSTEM ] [logger.system       ] 🚀 Sistema de logging CopFlow v3.0 inicializado - by Diomedez98
[04:54:52.527] [SUCCESS] [estadisticas_operarios.api] ✅ SUCCESS: Estadísticas obtenidas correctamente | Details: {"total":"3","available":"3","unavailable":"0"}
[04:57:52.463] [SYSTEM ] [logger.system       ] 🚀 Sistema de logging CopFlow v3.0 inicializado - by Diomedez98
[04:57:52.505] [SUCCESS] [estadisticas_operarios.api] ✅ SUCCESS: Estadísticas obtenidas correctamente | Details: {"total":"3","available":"3","unavailable":"0"}
[05:00:52.526] [SYSTEM ] [logger.system       ] 🚀 Sistema de logging CopFlow v3.0 inicializado - by Diomedez98
[05:00:52.568] [SUCCESS] [estadisticas_operarios.api] ✅ SUCCESS: Estadísticas obtenidas correctamente | Details: {"total":"3","available":"3","unavailable":"0"}
[05:03:52.465] [SYSTEM ] [logger.system       ] 🚀 Sistema de logging CopFlow v3.0 inicializado - by Diomedez98
[05:03:52.509] [SUCCESS] [estadisticas_operarios.api] ✅ SUCCESS: Estadísticas obtenidas correctamente | Details: {"total":"3","available":"3","unavailable":"0"}
[05:06:52.497] [SYSTEM ] [logger.system       ] 🚀 Sistema de logging CopFlow v3.0 inicializado - by Diomedez98
[05:06:52.541] [SUCCESS] [estadisticas_operarios.api] ✅ SUCCESS: Estadísticas obtenidas correctamente | Details: {"total":"3","available":"3","unavailable":"0"}
[05:09:52.476] [SYSTEM ] [logger.system       ] 🚀 Sistema de logging CopFlow v3.0 inicializado - by Diomedez98
[05:09:52.516] [SUCCESS] [estadisticas_operarios.api] ✅ SUCCESS: Estadísticas obtenidas correctamente | Details: {"total":"3","available":"3","unavailable":"0"}
[05:12:52.477] [SYSTEM ] [logger.system       ] 🚀 Sistema de logging CopFlow v3.0 inicializado - by Diomedez98
[05:12:52.517] [SUCCESS] [estadisticas_operarios.api] ✅ SUCCESS: Estadísticas obtenidas correctamente | Details: {"total":"3","available":"3","unavailable":"0"}
[05:15:52.463] [SYSTEM ] [logger.system       ] 🚀 Sistema de logging CopFlow v3.0 inicializado - by Diomedez98
[05:15:52.505] [SUCCESS] [estadisticas_operarios.api] ✅ SUCCESS: Estadísticas obtenidas correctamente | Details: {"total":"3","available":"3","unavailable":"0"}
[05:18:52.459] [SYSTEM ] [logger.system       ] 🚀 Sistema de logging CopFlow v3.0 inicializado - by Diomedez98
[05:18:52.501] [SUCCESS] [estadisticas_operarios.api] ✅ SUCCESS: Estadísticas obtenidas correctamente | Details: {"total":"3","available":"3","unavailable":"0"}
[05:21:52.453] [SYSTEM ] [logger.system       ] 🚀 Sistema de logging CopFlow v3.0 inicializado - by Diomedez98
[05:21:52.493] [SUCCESS] [estadisticas_operarios.api] ✅ SUCCESS: Estadísticas obtenidas correctamente | Details: {"total":"3","available":"3","unavailable":"0"}
[05:24:52.629] [SYSTEM ] [logger.system       ] 🚀 Sistema de logging CopFlow v3.0 inicializado - by Diomedez98
[05:24:52.670] [SUCCESS] [estadisticas_operarios.api] ✅ SUCCESS: Estadísticas obtenidas correctamente | Details: {"total":"3","available":"3","unavailable":"0"}
[05:27:52.484] [SYSTEM ] [logger.system       ] 🚀 Sistema de logging CopFlow v3.0 inicializado - by Diomedez98
[05:27:52.526] [SUCCESS] [estadisticas_operarios.api] ✅ SUCCESS: Estadísticas obtenidas correctamente | Details: {"total":"3","available":"3","unavailable":"0"}
[05:30:52.571] [SYSTEM ] [logger.system       ] 🚀 Sistema de logging CopFlow v3.0 inicializado - by Diomedez98
[05:30:52.611] [SUCCESS] [estadisticas_operarios.api] ✅ SUCCESS: Estadísticas obtenidas correctamente | Details: {"total":"3","available":"3","unavailable":"0"}
[05:33:52.471] [SYSTEM ] [logger.system       ] 🚀 Sistema de logging CopFlow v3.0 inicializado - by Diomedez98
[05:33:52.515] [SUCCESS] [estadisticas_operarios.api] ✅ SUCCESS: Estadísticas obtenidas correctamente | Details: {"total":"3","available":"3","unavailable":"0"}
[05:36:52.481] [SYSTEM ] [logger.system       ] 🚀 Sistema de logging CopFlow v3.0 inicializado - by Diomedez98
[05:36:52.522] [SUCCESS] [estadisticas_operarios.api] ✅ SUCCESS: Estadísticas obtenidas correctamente | Details: {"total":"3","available":"3","unavailable":"0"}
[05:39:52.465] [SYSTEM ] [logger.system       ] 🚀 Sistema de logging CopFlow v3.0 inicializado - by Diomedez98
[05:39:52.507] [SUCCESS] [estadisticas_operarios.api] ✅ SUCCESS: Estadísticas obtenidas correctamente | Details: {"total":"3","available":"3","unavailable":"0"}
[05:42:52.473] [SYSTEM ] [logger.system       ] 🚀 Sistema de logging CopFlow v3.0 inicializado - by Diomedez98
[05:42:52.515] [SUCCESS] [estadisticas_operarios.api] ✅ SUCCESS: Estadísticas obtenidas correctamente | Details: {"total":"3","available":"3","unavailable":"0"}
[05:45:52.493] [SYSTEM ] [logger.system       ] 🚀 Sistema de logging CopFlow v3.0 inicializado - by Diomedez98
[05:45:52.535] [SUCCESS] [estadisticas_operarios.api] ✅ SUCCESS: Estadísticas obtenidas correctamente | Details: {"total":"3","available":"3","unavailable":"0"}
[05:48:52.486] [SYSTEM ] [logger.system       ] 🚀 Sistema de logging CopFlow v3.0 inicializado - by Diomedez98
[05:48:52.528] [SUCCESS] [estadisticas_operarios.api] ✅ SUCCESS: Estadísticas obtenidas correctamente | Details: {"total":"3","available":"3","unavailable":"0"}
[05:51:52.539] [SYSTEM ] [logger.system       ] 🚀 Sistema de logging CopFlow v3.0 inicializado - by Diomedez98
[05:51:52.581] [SUCCESS] [estadisticas_operarios.api] ✅ SUCCESS: Estadísticas obtenidas correctamente | Details: {"total":"3","available":"3","unavailable":"0"}
[05:54:52.510] [SYSTEM ] [logger.system       ] 🚀 Sistema de logging CopFlow v3.0 inicializado - by Diomedez98
[05:54:52.551] [SUCCESS] [estadisticas_operarios.api] ✅ SUCCESS: Estadísticas obtenidas correctamente | Details: {"total":"3","available":"3","unavailable":"0"}
[05:57:53.401] [SYSTEM ] [logger.system       ] 🚀 Sistema de logging CopFlow v3.0 inicializado - by Diomedez98
[05:57:53.444] [SUCCESS] [estadisticas_operarios.api] ✅ SUCCESS: Estadísticas obtenidas correctamente | Details: {"total":"3","available":"3","unavailable":"0"}
[06:00:52.464] [SYSTEM ] [logger.system       ] 🚀 Sistema de logging CopFlow v3.0 inicializado - by Diomedez98
[06:00:52.505] [SUCCESS] [estadisticas_operarios.api] ✅ SUCCESS: Estadísticas obtenidas correctamente | Details: {"total":"3","available":"3","unavailable":"0"}
