[00:29:01.084] [SYSTEM ] [logger.system       ] 🚀 Sistema de logging CopFlow v3.0 inicializado - by Diomedez98
[00:29:01.086] [INFO   ] [validar_login.php   ] POST recibido: Array
(
    [email] => soportesclangsm@gmail.com
    [password] => admin123
)

[00:29:01.441] [INFO   ] [validar_login.php   ] Login fallido para 'soportesclangsm@gmail.com'
[00:29:09.149] [SYSTEM ] [logger.system       ] 🚀 Sistema de logging CopFlow v3.0 inicializado - by Diomedez98
[00:29:09.149] [INFO   ] [validar_login.php   ] POST recibido: Array
(
    [email] => dc314387@gmail.com
    [password] => 3045800669
)

[00:29:09.706] [INFO   ] [validar_login.php   ] ✅ Login exitoso en operadores: Milena Fuentes
[00:29:12.512] [SYSTEM ] [logger.system       ] 🚀 Sistema de logging CopFlow v3.0 inicializado - by Diomedez98
[00:29:12.551] [SYSTEM ] [logger.system       ] 🚀 Sistema de logging CopFlow v3.0 inicializado - by Diomedez98
[00:29:12.551] [INFO   ] [usuarios.php        ] Filtros recibidos: search='', role='', status='', page=1, per_page=10
[00:29:12.559] [SYSTEM ] [logger.system       ] 🚀 Sistema de logging CopFlow v3.0 inicializado - by Diomedez98
[00:29:12.862] [SUCCESS] [estadisticas_operarios.api] ✅ SUCCESS: Estadísticas obtenidas correctamente | Details: {"total":3,"available":3,"unavailable":0}
[00:29:12.866] [SUCCESS] [estadisticas_usuarios.api] ✅ SUCCESS: Estadísticas obtenidas correctamente | Details: {"total":9,"active":6,"inactive":3,"admins":4}
[00:29:13.861] [INFO   ] [usuarios.php        ] Módulo usuarios v2.2 cargado. Total=9, Página=1, PerPage=10
[00:29:14.418] [SYSTEM ] [logger.system       ] 🚀 Sistema de logging CopFlow v3.0 inicializado - by Diomedez98
[00:29:14.725] [SUCCESS] [estadisticas_usuarios.api] ✅ SUCCESS: Estadísticas obtenidas correctamente | Details: {"total":9,"active":6,"inactive":3,"admins":4}
[00:29:53.831] [SYSTEM ] [logger.system       ] 🚀 Sistema de logging CopFlow v3.0 inicializado - by Diomedez98
[00:29:53.833] [INFO   ] [operarios.php       ] Filtros recibidos: search='', status='', page=1, per_page=10
[00:29:54.713] [INFO   ] [operarios.php       ] Módulo operarios cargado. Total=3, Página=1, PerPage=10
[00:29:55.500] [SYSTEM ] [logger.system       ] 🚀 Sistema de logging CopFlow v3.0 inicializado - by Diomedez98
[00:29:55.798] [SUCCESS] [estadisticas_operarios.api] ✅ SUCCESS: Estadísticas obtenidas correctamente | Details: {"total":3,"available":3,"unavailable":0}
[00:44:21.882] [SYSTEM ] [logger.system       ] 🚀 Sistema de logging CopFlow v3.0 inicializado - by Diomedez98
[00:44:21.883] [INFO   ] [destruir_sesion.php ] Sesión cerrada: ID=2 (Delia Milena Cardenas Fuentes, rol=operador)
[01:03:03.310] [SYSTEM ] [logger.system       ] 🚀 Sistema de logging CopFlow v3.0 inicializado - by Diomedez98
[01:03:03.310] [INFO   ] [validar_login.php   ] POST recibido: Array
(
    [email] => soporteclangsm@gmail.com
    [password] => admin123
)

[01:03:03.566] [INFO   ] [validar_login.php   ] ✅ Login exitoso en users: soporteclangsm@gmail.com (admin)
[01:03:06.760] [SYSTEM ] [logger.system       ] 🚀 Sistema de logging CopFlow v3.0 inicializado - by Diomedez98
[01:03:06.801] [SYSTEM ] [logger.system       ] 🚀 Sistema de logging CopFlow v3.0 inicializado - by Diomedez98
[01:03:06.834] [SYSTEM ] [logger.system       ] 🚀 Sistema de logging CopFlow v3.0 inicializado - by Diomedez98
[01:03:06.835] [INFO   ] [usuarios.php        ] Filtros recibidos: search='', role='', status='', page=1, per_page=10
[01:03:07.033] [SUCCESS] [estadisticas_operarios.api] ✅ SUCCESS: Estadísticas obtenidas correctamente | Details: {"total":3,"available":3,"unavailable":0}
[01:03:07.070] [SUCCESS] [estadisticas_usuarios.api] ✅ SUCCESS: Estadísticas obtenidas correctamente | Details: {"total":9,"active":6,"inactive":3,"admins":4}
[01:03:07.987] [INFO   ] [usuarios.php        ] Módulo usuarios v2.2 cargado. Total=9, Página=1, PerPage=10
[01:03:09.038] [SYSTEM ] [logger.system       ] 🚀 Sistema de logging CopFlow v3.0 inicializado - by Diomedez98
[01:03:09.396] [SUCCESS] [estadisticas_usuarios.api] ✅ SUCCESS: Estadísticas obtenidas correctamente | Details: {"total":9,"active":6,"inactive":3,"admins":4}
[01:03:11.231] [SYSTEM ] [logger.system       ] 🚀 Sistema de logging CopFlow v3.0 inicializado - by Diomedez98
[01:03:11.232] [INFO   ] [operarios.php       ] Filtros recibidos: search='', status='', page=1, per_page=10
[01:03:12.091] [INFO   ] [operarios.php       ] Módulo operarios cargado. Total=3, Página=1, PerPage=10
[01:03:13.590] [SYSTEM ] [logger.system       ] 🚀 Sistema de logging CopFlow v3.0 inicializado - by Diomedez98
[01:03:13.891] [SUCCESS] [estadisticas_operarios.api] ✅ SUCCESS: Estadísticas obtenidas correctamente | Details: {"total":3,"available":3,"unavailable":0}
[01:03:20.116] [SYSTEM ] [logger.system       ] 🚀 Sistema de logging CopFlow v3.0 inicializado - by Diomedez98
[01:03:20.118] [SYSTEM ] [logger.system       ] 🚀 Sistema de logging CopFlow v3.0 inicializado - by Diomedez98
[01:03:20.164] [SYSTEM ] [logger.system       ] 🚀 Sistema de logging CopFlow v3.0 inicializado - by Diomedez98
[01:03:20.164] [INFO   ] [usuarios.php        ] Filtros recibidos: search='', role='', status='', page=1, per_page=10
[01:03:20.348] [SUCCESS] [estadisticas_operarios.api] ✅ SUCCESS: Estadísticas obtenidas correctamente | Details: {"total":3,"available":3,"unavailable":0}
[01:03:20.427] [SUCCESS] [estadisticas_usuarios.api] ✅ SUCCESS: Estadísticas obtenidas correctamente | Details: {"total":9,"active":6,"inactive":3,"admins":4}
[01:03:21.318] [INFO   ] [usuarios.php        ] Módulo usuarios v2.2 cargado. Total=9, Página=1, PerPage=10
[01:03:21.899] [SYSTEM ] [logger.system       ] 🚀 Sistema de logging CopFlow v3.0 inicializado - by Diomedez98
[01:03:22.254] [SUCCESS] [estadisticas_usuarios.api] ✅ SUCCESS: Estadísticas obtenidas correctamente | Details: {"total":9,"active":6,"inactive":3,"admins":4}
[01:03:35.750] [SYSTEM ] [logger.system       ] 🚀 Sistema de logging CopFlow v3.0 inicializado - by Diomedez98
[01:03:35.751] [INFO   ] [operarios.php       ] Filtros recibidos: search='', status='', page=1, per_page=10
[01:03:36.751] [INFO   ] [operarios.php       ] Módulo operarios cargado. Total=3, Página=1, PerPage=10
[01:03:37.367] [SYSTEM ] [logger.system       ] 🚀 Sistema de logging CopFlow v3.0 inicializado - by Diomedez98
[01:03:37.669] [SUCCESS] [estadisticas_operarios.api] ✅ SUCCESS: Estadísticas obtenidas correctamente | Details: {"total":3,"available":3,"unavailable":0}
[01:09:18.818] [SYSTEM ] [logger.system       ] 🚀 Sistema de logging CopFlow v3.0 inicializado - by Diomedez98
[01:09:18.819] [INFO   ] [usuarios.php        ] Filtros recibidos: search='', role='', status='', page=1, per_page=10
[01:09:18.866] [SYSTEM ] [logger.system       ] 🚀 Sistema de logging CopFlow v3.0 inicializado - by Diomedez98
[01:09:18.916] [SYSTEM ] [logger.system       ] 🚀 Sistema de logging CopFlow v3.0 inicializado - by Diomedez98
[01:09:19.097] [SUCCESS] [estadisticas_operarios.api] ✅ SUCCESS: Estadísticas obtenidas correctamente | Details: {"total":3,"available":3,"unavailable":0}
[01:09:19.317] [SUCCESS] [estadisticas_usuarios.api] ✅ SUCCESS: Estadísticas obtenidas correctamente | Details: {"total":9,"active":6,"inactive":3,"admins":4}
[01:09:19.845] [INFO   ] [usuarios.php        ] Módulo usuarios v2.2 cargado. Total=9, Página=1, PerPage=10
[01:09:19.957] [SYSTEM ] [logger.system       ] 🚀 Sistema de logging CopFlow v3.0 inicializado - by Diomedez98
[01:09:19.957] [INFO   ] [operarios.php       ] Filtros recibidos: search='', status='', page=1, per_page=10
[01:09:20.571] [SYSTEM ] [logger.system       ] 🚀 Sistema de logging CopFlow v3.0 inicializado - by Diomedez98
[01:09:20.971] [INFO   ] [operarios.php       ] Módulo operarios cargado. Total=3, Página=1, PerPage=10
[01:09:20.972] [SUCCESS] [estadisticas_usuarios.api] ✅ SUCCESS: Estadísticas obtenidas correctamente | Details: {"total":9,"active":6,"inactive":3,"admins":4}
[01:09:21.844] [SYSTEM ] [logger.system       ] 🚀 Sistema de logging CopFlow v3.0 inicializado - by Diomedez98
[01:09:22.144] [SUCCESS] [estadisticas_operarios.api] ✅ SUCCESS: Estadísticas obtenidas correctamente | Details: {"total":3,"available":3,"unavailable":0}
[01:11:05.309] [SYSTEM ] [logger.system       ] 🚀 Sistema de logging CopFlow v3.0 inicializado - by Diomedez98
[01:11:05.310] [INFO   ] [obtener_usuario.api ] Request recibido: {"id":7}
[01:11:05.469] [SUCCESS] [obtener_usuario.api ] ✅ SUCCESS: Usuario ID 7 obtenido correctamente | Details: {"user_id":7,"user_name":"noe Madrigal","user_email":"soportseclangsm@gmail.com","user_role":"user","user_status":"inactivo","response_size":412,"execution_time":0.49138402938842773}
[01:11:33.895] [SYSTEM ] [logger.system       ] 🚀 Sistema de logging CopFlow v3.0 inicializado - by Diomedez98
[01:11:33.895] [INFO   ] [usuarios.php        ] Filtros recibidos: search='', role='', status='', page=1, per_page=10
[01:11:33.909] [SYSTEM ] [logger.system       ] 🚀 Sistema de logging CopFlow v3.0 inicializado - by Diomedez98
[01:11:33.948] [SYSTEM ] [logger.system       ] 🚀 Sistema de logging CopFlow v3.0 inicializado - by Diomedez98
[01:11:34.086] [SYSTEM ] [logger.system       ] 🚀 Sistema de logging CopFlow v3.0 inicializado - by Diomedez98
[01:11:34.086] [INFO   ] [operarios.php       ] Filtros recibidos: search='', status='', page=1, per_page=10
[01:11:34.174] [SUCCESS] [estadisticas_operarios.api] ✅ SUCCESS: Estadísticas obtenidas correctamente | Details: {"total":3,"available":3,"unavailable":0}
[01:11:34.349] [SUCCESS] [estadisticas_usuarios.api] ✅ SUCCESS: Estadísticas obtenidas correctamente | Details: {"total":9,"active":6,"inactive":3,"admins":4}
[01:11:34.863] [INFO   ] [operarios.php       ] Módulo operarios cargado. Total=3, Página=1, PerPage=10
[01:11:35.078] [INFO   ] [usuarios.php        ] Módulo usuarios v2.2 cargado. Total=9, Página=1, PerPage=10
[01:11:35.426] [SYSTEM ] [logger.system       ] 🚀 Sistema de logging CopFlow v3.0 inicializado - by Diomedez98
[01:11:35.639] [SYSTEM ] [logger.system       ] 🚀 Sistema de logging CopFlow v3.0 inicializado - by Diomedez98
[01:11:35.660] [SUCCESS] [estadisticas_operarios.api] ✅ SUCCESS: Estadísticas obtenidas correctamente | Details: {"total":3,"available":3,"unavailable":0}
[01:11:35.943] [SUCCESS] [estadisticas_usuarios.api] ✅ SUCCESS: Estadísticas obtenidas correctamente | Details: {"total":9,"active":6,"inactive":3,"admins":4}
[01:13:43.575] [SYSTEM ] [logger.system       ] 🚀 Sistema de logging CopFlow v3.0 inicializado - by Diomedez98
[01:13:43.582] [SYSTEM ] [logger.system       ] 🚀 Sistema de logging CopFlow v3.0 inicializado - by Diomedez98
[01:13:43.583] [INFO   ] [usuarios.php        ] Filtros recibidos: search='', role='', status='', page=1, per_page=10
[01:13:43.584] [SYSTEM ] [logger.system       ] 🚀 Sistema de logging CopFlow v3.0 inicializado - by Diomedez98
[01:13:43.814] [SUCCESS] [estadisticas_operarios.api] ✅ SUCCESS: Estadísticas obtenidas correctamente | Details: {"total":3,"available":3,"unavailable":0}
[01:13:43.883] [SUCCESS] [estadisticas_usuarios.api] ✅ SUCCESS: Estadísticas obtenidas correctamente | Details: {"total":9,"active":6,"inactive":3,"admins":4}
[01:13:44.590] [INFO   ] [usuarios.php        ] Módulo usuarios v2.2 cargado. Total=9, Página=1, PerPage=10
[01:13:45.181] [SYSTEM ] [logger.system       ] 🚀 Sistema de logging CopFlow v3.0 inicializado - by Diomedez98
[01:13:45.543] [SUCCESS] [estadisticas_usuarios.api] ✅ SUCCESS: Estadísticas obtenidas correctamente | Details: {"total":9,"active":6,"inactive":3,"admins":4}
[01:13:48.951] [SYSTEM ] [logger.system       ] 🚀 Sistema de logging CopFlow v3.0 inicializado - by Diomedez98
[01:13:48.951] [INFO   ] [operarios.php       ] Filtros recibidos: search='', status='', page=1, per_page=10
[01:13:49.838] [INFO   ] [operarios.php       ] Módulo operarios cargado. Total=3, Página=1, PerPage=10
[01:13:50.482] [SYSTEM ] [logger.system       ] 🚀 Sistema de logging CopFlow v3.0 inicializado - by Diomedez98
[01:13:50.748] [SUCCESS] [estadisticas_operarios.api] ✅ SUCCESS: Estadísticas obtenidas correctamente | Details: {"total":3,"available":3,"unavailable":0}
[01:23:28.204] [SYSTEM ] [logger.system       ] 🚀 Sistema de logging CopFlow v3.0 inicializado - by Diomedez98
[01:23:28.274] [SYSTEM ] [logger.system       ] 🚀 Sistema de logging CopFlow v3.0 inicializado - by Diomedez98
[01:23:28.274] [INFO   ] [usuarios.php        ] Filtros recibidos: search='', role='', status='', page=1, per_page=10
[01:23:28.277] [SYSTEM ] [logger.system       ] 🚀 Sistema de logging CopFlow v3.0 inicializado - by Diomedez98
[01:23:28.433] [SUCCESS] [estadisticas_operarios.api] ✅ SUCCESS: Estadísticas obtenidas correctamente | Details: {"total":3,"available":3,"unavailable":0}
[01:23:28.677] [SUCCESS] [estadisticas_usuarios.api] ✅ SUCCESS: Estadísticas obtenidas correctamente | Details: {"total":9,"active":6,"inactive":3,"admins":4}
[01:23:29.571] [INFO   ] [usuarios.php        ] Módulo usuarios v2.2 cargado. Total=9, Página=1, PerPage=10
[01:23:31.503] [SYSTEM ] [logger.system       ] 🚀 Sistema de logging CopFlow v3.0 inicializado - by Diomedez98
[01:23:31.860] [SUCCESS] [estadisticas_usuarios.api] ✅ SUCCESS: Estadísticas obtenidas correctamente | Details: {"total":9,"active":6,"inactive":3,"admins":4}
[01:23:44.803] [SYSTEM ] [logger.system       ] 🚀 Sistema de logging CopFlow v3.0 inicializado - by Diomedez98
[01:23:44.804] [INFO   ] [operarios.php       ] Filtros recibidos: search='', status='', page=1, per_page=10
[01:23:45.687] [INFO   ] [operarios.php       ] Módulo operarios cargado. Total=3, Página=1, PerPage=10
[01:23:46.314] [SYSTEM ] [logger.system       ] 🚀 Sistema de logging CopFlow v3.0 inicializado - by Diomedez98
[01:23:46.613] [SUCCESS] [estadisticas_operarios.api] ✅ SUCCESS: Estadísticas obtenidas correctamente | Details: {"total":3,"available":3,"unavailable":0}
[01:25:31.121] [SYSTEM ] [logger.system       ] 🚀 Sistema de logging CopFlow v3.0 inicializado - by Diomedez98
[01:25:31.122] [INFO   ] [usuarios.php        ] Filtros recibidos: search='', role='', status='', page=1, per_page=10
[01:25:31.164] [SYSTEM ] [logger.system       ] 🚀 Sistema de logging CopFlow v3.0 inicializado - by Diomedez98
[01:25:31.170] [SYSTEM ] [logger.system       ] 🚀 Sistema de logging CopFlow v3.0 inicializado - by Diomedez98
[01:25:31.442] [SUCCESS] [estadisticas_operarios.api] ✅ SUCCESS: Estadísticas obtenidas correctamente | Details: {"total":3,"available":3,"unavailable":0}
[01:25:31.521] [SUCCESS] [estadisticas_usuarios.api] ✅ SUCCESS: Estadísticas obtenidas correctamente | Details: {"total":9,"active":6,"inactive":3,"admins":4}
[01:25:32.142] [INFO   ] [usuarios.php        ] Módulo usuarios v2.2 cargado. Total=9, Página=1, PerPage=10
[01:25:34.888] [SYSTEM ] [logger.system       ] 🚀 Sistema de logging CopFlow v3.0 inicializado - by Diomedez98
[01:25:34.889] [INFO   ] [operarios.php       ] Filtros recibidos: search='', status='', page=1, per_page=10
[01:25:36.898] [SYSTEM ] [logger.system       ] 🚀 Sistema de logging CopFlow v3.0 inicializado - by Diomedez98
[01:25:36.900] [INFO   ] [usuarios.php        ] Filtros recibidos: search='', role='', status='', page=1, per_page=10
[01:25:36.951] [SYSTEM ] [logger.system       ] 🚀 Sistema de logging CopFlow v3.0 inicializado - by Diomedez98
[01:25:36.996] [SYSTEM ] [logger.system       ] 🚀 Sistema de logging CopFlow v3.0 inicializado - by Diomedez98
[01:25:37.264] [SUCCESS] [estadisticas_usuarios.api] ✅ SUCCESS: Estadísticas obtenidas correctamente | Details: {"total":9,"active":6,"inactive":3,"admins":4}
[01:25:37.266] [SUCCESS] [estadisticas_operarios.api] ✅ SUCCESS: Estadísticas obtenidas correctamente | Details: {"total":3,"available":3,"unavailable":0}
[01:25:38.060] [INFO   ] [usuarios.php        ] Módulo usuarios v2.2 cargado. Total=9, Página=1, PerPage=10
[01:25:38.609] [SYSTEM ] [logger.system       ] 🚀 Sistema de logging CopFlow v3.0 inicializado - by Diomedez98
[01:25:38.922] [SUCCESS] [estadisticas_usuarios.api] ✅ SUCCESS: Estadísticas obtenidas correctamente | Details: {"total":9,"active":6,"inactive":3,"admins":4}
[01:25:41.319] [SYSTEM ] [logger.system       ] 🚀 Sistema de logging CopFlow v3.0 inicializado - by Diomedez98
[01:25:41.319] [INFO   ] [operarios.php       ] Filtros recibidos: search='', status='', page=1, per_page=10
[01:25:42.084] [INFO   ] [operarios.php       ] Módulo operarios cargado. Total=3, Página=1, PerPage=10
[01:25:42.709] [SYSTEM ] [logger.system       ] 🚀 Sistema de logging CopFlow v3.0 inicializado - by Diomedez98
[01:25:43.009] [SUCCESS] [estadisticas_operarios.api] ✅ SUCCESS: Estadísticas obtenidas correctamente | Details: {"total":3,"available":3,"unavailable":0}
[01:31:40.657] [SYSTEM ] [logger.system       ] 🚀 Sistema de logging CopFlow v3.0 inicializado - by Diomedez98
[01:31:40.658] [INFO   ] [usuarios.php        ] Filtros recibidos: search='', role='', status='', page=1, per_page=10
[01:31:40.755] [SYSTEM ] [logger.system       ] 🚀 Sistema de logging CopFlow v3.0 inicializado - by Diomedez98
[01:31:40.857] [SYSTEM ] [logger.system       ] 🚀 Sistema de logging CopFlow v3.0 inicializado - by Diomedez98
[01:31:41.069] [SUCCESS] [estadisticas_usuarios.api] ✅ SUCCESS: Estadísticas obtenidas correctamente | Details: {"total":9,"active":6,"inactive":3,"admins":4}
[01:31:41.155] [SUCCESS] [estadisticas_operarios.api] ✅ SUCCESS: Estadísticas obtenidas correctamente | Details: {"total":3,"available":3,"unavailable":0}
[01:31:41.680] [INFO   ] [usuarios.php        ] Módulo usuarios v2.2 cargado. Total=9, Página=1, PerPage=10
[01:31:42.460] [SYSTEM ] [logger.system       ] 🚀 Sistema de logging CopFlow v3.0 inicializado - by Diomedez98
[01:31:42.860] [SUCCESS] [estadisticas_usuarios.api] ✅ SUCCESS: Estadísticas obtenidas correctamente | Details: {"total":9,"active":6,"inactive":3,"admins":4}
[01:31:45.108] [SYSTEM ] [logger.system       ] 🚀 Sistema de logging CopFlow v3.0 inicializado - by Diomedez98
[01:31:45.108] [INFO   ] [obtener_usuario.api ] Request recibido: {"id":9}
[01:31:45.291] [SUCCESS] [obtener_usuario.api ] ✅ SUCCESS: Usuario ID 9 obtenido correctamente | Details: {"user_id":9,"user_name":"juan camilo dias","user_email":"sopor54tesclangsm@gmail.com","user_role":"user","user_status":"activo","response_size":416,"execution_time":0.5419540405273438}
[01:31:52.184] [SYSTEM ] [logger.system       ] 🚀 Sistema de logging CopFlow v3.0 inicializado - by Diomedez98
[01:31:52.184] [INFO   ] [operarios.php       ] Filtros recibidos: search='', status='', page=1, per_page=10
[01:31:53.071] [INFO   ] [operarios.php       ] Módulo operarios cargado. Total=3, Página=1, PerPage=10
[01:31:53.834] [SYSTEM ] [logger.system       ] 🚀 Sistema de logging CopFlow v3.0 inicializado - by Diomedez98
[01:31:54.138] [SUCCESS] [estadisticas_operarios.api] ✅ SUCCESS: Estadísticas obtenidas correctamente | Details: {"total":3,"available":3,"unavailable":0}
[01:41:24.635] [SYSTEM ] [logger.system       ] 🚀 Sistema de logging CopFlow v3.0 inicializado - by Diomedez98
[01:41:24.636] [INFO   ] [usuarios.php        ] Filtros recibidos: search='', role='', status='', page=1, per_page=10
[01:41:24.700] [SYSTEM ] [logger.system       ] 🚀 Sistema de logging CopFlow v3.0 inicializado - by Diomedez98
[01:41:24.703] [SYSTEM ] [logger.system       ] 🚀 Sistema de logging CopFlow v3.0 inicializado - by Diomedez98
[01:41:24.979] [SUCCESS] [estadisticas_operarios.api] ✅ SUCCESS: Estadísticas obtenidas correctamente | Details: {"total":3,"available":3,"unavailable":0}
[01:41:25.112] [SUCCESS] [estadisticas_usuarios.api] ✅ SUCCESS: Estadísticas obtenidas correctamente | Details: {"total":9,"active":6,"inactive":3,"admins":4}
[01:41:25.575] [SYSTEM ] [logger.system       ] 🚀 Sistema de logging CopFlow v3.0 inicializado - by Diomedez98
[01:41:25.575] [INFO   ] [operarios.php       ] Filtros recibidos: search='', status='', page=1, per_page=10
[01:41:25.791] [INFO   ] [usuarios.php        ] Módulo usuarios v2.2 cargado. Total=9, Página=1, PerPage=10
[01:41:26.471] [SYSTEM ] [logger.system       ] 🚀 Sistema de logging CopFlow v3.0 inicializado - by Diomedez98
[01:41:26.826] [SUCCESS] [estadisticas_usuarios.api] ✅ SUCCESS: Estadísticas obtenidas correctamente | Details: {"total":9,"active":6,"inactive":3,"admins":4}
[01:41:26.912] [INFO   ] [operarios.php       ] Módulo operarios cargado. Total=3, Página=1, PerPage=10
[01:41:27.568] [SYSTEM ] [logger.system       ] 🚀 Sistema de logging CopFlow v3.0 inicializado - by Diomedez98
[01:41:27.832] [SUCCESS] [estadisticas_operarios.api] ✅ SUCCESS: Estadísticas obtenidas correctamente | Details: {"total":3,"available":3,"unavailable":0}
