[01:02:46.823] [SYSTEM ] [logger.system       ] 🚀 Sistema de logging CopFlow v3.0 inicializado - by Diomedez98
[01:02:46.824] [SYSTEM ] [logger.system       ] 🚀 Sistema de logging CopFlow v3.0 inicializado - by Diomedez98
[01:02:46.824] [INFO   ] [usuarios.php        ] Filtros recibidos: search='', role='', status='', page=1, per_page=10
[01:02:47.234] [SUCCESS] [estadisticas_usuarios.api] ✅ SUCCESS: Estadísticas obtenidas correctamente | Details: {"total":9,"active":6,"inactive":3,"admins":4}
[01:02:48.171] [INFO   ] [usuarios.php        ] Módulo usuarios v2.2 cargado. Total=9, Página=1, PerPage=10
[01:02:48.797] [SYSTEM ] [logger.system       ] 🚀 Sistema de logging CopFlow v3.0 inicializado - by Diomedez98
[01:02:49.208] [SUCCESS] [estadisticas_usuarios.api] ✅ SUCCESS: Estadísticas obtenidas correctamente | Details: {"total":9,"active":6,"inactive":3,"admins":4}
[01:03:03.976] [SYSTEM ] [logger.system       ] 🚀 Sistema de logging CopFlow v3.0 inicializado - by Diomedez98
[01:03:03.976] [INFO   ] [usuarios.php        ] Filtros recibidos: search='', role='', status='', page=1, per_page=10
[01:03:04.069] [SYSTEM ] [logger.system       ] 🚀 Sistema de logging CopFlow v3.0 inicializado - by Diomedez98
[01:03:04.534] [SUCCESS] [estadisticas_usuarios.api] ✅ SUCCESS: Estadísticas obtenidas correctamente | Details: {"total":9,"active":6,"inactive":3,"admins":4}
[01:03:05.180] [INFO   ] [usuarios.php        ] Módulo usuarios v2.2 cargado. Total=9, Página=1, PerPage=10
[01:03:05.852] [SYSTEM ] [logger.system       ] 🚀 Sistema de logging CopFlow v3.0 inicializado - by Diomedez98
[01:03:06.156] [SYSTEM ] [logger.system       ] 🚀 Sistema de logging CopFlow v3.0 inicializado - by Diomedez98
[01:03:06.157] [INFO   ] [usuarios.php        ] Filtros recibidos: search='', role='', status='', page=1, per_page=10
[01:03:06.309] [SUCCESS] [estadisticas_usuarios.api] ✅ SUCCESS: Estadísticas obtenidas correctamente | Details: {"total":9,"active":6,"inactive":3,"admins":4}
[01:03:07.348] [INFO   ] [usuarios.php        ] Módulo usuarios v2.2 cargado. Total=9, Página=1, PerPage=10
[01:13:28.454] [SYSTEM ] [logger.system       ] 🚀 Sistema de logging CopFlow v3.0 inicializado - by Diomedez98
[01:13:28.454] [SYSTEM ] [logger.system       ] 🚀 Sistema de logging CopFlow v3.0 inicializado - by Diomedez98
[01:13:28.455] [INFO   ] [usuarios.php        ] Filtros recibidos: search='', role='', status='', page=1, per_page=10
[01:13:28.815] [SUCCESS] [estadisticas_usuarios.api] ✅ SUCCESS: Estadísticas obtenidas correctamente | Details: {"total":9,"active":6,"inactive":3,"admins":4}
[01:13:29.639] [INFO   ] [usuarios.php        ] Módulo usuarios v2.2 cargado. Total=9, Página=1, PerPage=10
[01:13:30.255] [SYSTEM ] [logger.system       ] 🚀 Sistema de logging CopFlow v3.0 inicializado - by Diomedez98
[01:13:30.619] [SUCCESS] [estadisticas_usuarios.api] ✅ SUCCESS: Estadísticas obtenidas correctamente | Details: {"total":9,"active":6,"inactive":3,"admins":4}
[01:15:04.149] [SYSTEM ] [logger.system       ] 🚀 Sistema de logging CopFlow v3.0 inicializado - by Diomedez98
[01:15:04.193] [SYSTEM ] [logger.system       ] 🚀 Sistema de logging CopFlow v3.0 inicializado - by Diomedez98
[01:15:04.193] [INFO   ] [usuarios.php        ] Filtros recibidos: search='', role='', status='', page=1, per_page=10
[01:15:04.466] [SUCCESS] [estadisticas_usuarios.api] ✅ SUCCESS: Estadísticas obtenidas correctamente | Details: {"total":9,"active":6,"inactive":3,"admins":4}
[01:15:05.381] [INFO   ] [usuarios.php        ] Módulo usuarios v2.2 cargado. Total=9, Página=1, PerPage=10
[01:15:06.021] [SYSTEM ] [logger.system       ] 🚀 Sistema de logging CopFlow v3.0 inicializado - by Diomedez98
[01:15:06.342] [SUCCESS] [estadisticas_usuarios.api] ✅ SUCCESS: Estadísticas obtenidas correctamente | Details: {"total":9,"active":6,"inactive":3,"admins":4}
[01:19:04.275] [SYSTEM ] [logger.system       ] 🚀 Sistema de logging CopFlow v3.0 inicializado - by Diomedez98
[01:19:04.320] [SYSTEM ] [logger.system       ] 🚀 Sistema de logging CopFlow v3.0 inicializado - by Diomedez98
[01:19:04.320] [INFO   ] [usuarios.php        ] Filtros recibidos: search='', role='', status='', page=1, per_page=10
[01:19:04.653] [SUCCESS] [estadisticas_usuarios.api] ✅ SUCCESS: Estadísticas obtenidas correctamente | Details: {"total":9,"active":6,"inactive":3,"admins":4}
[01:19:05.692] [INFO   ] [usuarios.php        ] Módulo usuarios v2.2 cargado. Total=9, Página=1, PerPage=10
[01:19:06.330] [SYSTEM ] [logger.system       ] 🚀 Sistema de logging CopFlow v3.0 inicializado - by Diomedez98
[01:19:06.757] [SUCCESS] [estadisticas_usuarios.api] ✅ SUCCESS: Estadísticas obtenidas correctamente | Details: {"total":9,"active":6,"inactive":3,"admins":4}
[01:22:03.023] [SYSTEM ] [logger.system       ] 🚀 Sistema de logging CopFlow v3.0 inicializado - by Diomedez98
[01:22:03.080] [SYSTEM ] [logger.system       ] 🚀 Sistema de logging CopFlow v3.0 inicializado - by Diomedez98
[01:22:03.080] [INFO   ] [usuarios.php        ] Filtros recibidos: search='', role='', status='', page=1, per_page=10
[01:22:03.410] [SUCCESS] [estadisticas_usuarios.api] ✅ SUCCESS: Estadísticas obtenidas correctamente | Details: {"total":9,"active":6,"inactive":3,"admins":4}
[01:22:03.529] [SYSTEM ] [logger.system       ] 🚀 Sistema de logging CopFlow v3.0 inicializado - by Diomedez98
[01:22:03.529] [INFO   ] [usuarios.php        ] Filtros recibidos: search='', role='', status='', page=1, per_page=10
[01:22:04.513] [INFO   ] [usuarios.php        ] Módulo usuarios v2.2 cargado. Total=9, Página=1, PerPage=10
[01:22:04.942] [INFO   ] [operarios.php       ] Módulo operarios v2.2 cargado. Total=9, Página=1, PerPage=10
[01:22:05.221] [SYSTEM ] [logger.system       ] 🚀 Sistema de logging CopFlow v3.0 inicializado - by Diomedez98
[01:22:05.601] [SUCCESS] [estadisticas_usuarios.api] ✅ SUCCESS: Estadísticas obtenidas correctamente | Details: {"total":9,"active":6,"inactive":3,"admins":4}
[01:26:04.559] [SYSTEM ] [logger.system       ] 🚀 Sistema de logging CopFlow v3.0 inicializado - by Diomedez98
[01:26:04.607] [SYSTEM ] [logger.system       ] 🚀 Sistema de logging CopFlow v3.0 inicializado - by Diomedez98
[01:26:04.607] [INFO   ] [usuarios.php        ] Filtros recibidos: search='', role='', status='', page=1, per_page=10
[01:26:04.929] [SUCCESS] [estadisticas_usuarios.api] ✅ SUCCESS: Estadísticas obtenidas correctamente | Details: {"total":9,"active":6,"inactive":3,"admins":4}
[01:26:05.247] [SYSTEM ] [logger.system       ] 🚀 Sistema de logging CopFlow v3.0 inicializado - by Diomedez98
[01:26:05.248] [INFO   ] [operarios.php       ] Filtros recibidos: search='', status='', page=1, per_page=10
[01:26:05.932] [INFO   ] [usuarios.php        ] Módulo usuarios v2.2 cargado. Total=9, Página=1, PerPage=10
[01:26:06.532] [SYSTEM ] [logger.system       ] 🚀 Sistema de logging CopFlow v3.0 inicializado - by Diomedez98
[01:26:06.895] [SUCCESS] [estadisticas_usuarios.api] ✅ SUCCESS: Estadísticas obtenidas correctamente | Details: {"total":9,"active":6,"inactive":3,"admins":4}
[01:28:15.177] [SYSTEM ] [logger.system       ] 🚀 Sistema de logging CopFlow v3.0 inicializado - by Diomedez98
[01:28:15.178] [INFO   ] [usuarios.php        ] Filtros recibidos: search='', role='', status='', page=1, per_page=10
[01:28:15.220] [SYSTEM ] [logger.system       ] 🚀 Sistema de logging CopFlow v3.0 inicializado - by Diomedez98
[01:28:15.543] [SUCCESS] [estadisticas_usuarios.api] ✅ SUCCESS: Estadísticas obtenidas correctamente | Details: {"total":9,"active":6,"inactive":3,"admins":4}
[01:28:15.912] [SYSTEM ] [logger.system       ] 🚀 Sistema de logging CopFlow v3.0 inicializado - by Diomedez98
[01:28:15.912] [INFO   ] [operarios.php       ] Filtros recibidos: search='', status='', page=1, per_page=10
[01:28:16.212] [INFO   ] [usuarios.php        ] Módulo usuarios v2.2 cargado. Total=9, Página=1, PerPage=10
[01:28:16.779] [SYSTEM ] [logger.system       ] 🚀 Sistema de logging CopFlow v3.0 inicializado - by Diomedez98
[01:28:17.101] [SUCCESS] [estadisticas_usuarios.api] ✅ SUCCESS: Estadísticas obtenidas correctamente | Details: {"total":9,"active":6,"inactive":3,"admins":4}
[01:28:49.713] [SYSTEM ] [logger.system       ] 🚀 Sistema de logging CopFlow v3.0 inicializado - by Diomedez98
[01:28:49.789] [SYSTEM ] [logger.system       ] 🚀 Sistema de logging CopFlow v3.0 inicializado - by Diomedez98
[01:28:49.789] [INFO   ] [usuarios.php        ] Filtros recibidos: search='', role='', status='', page=1, per_page=10
[01:28:50.032] [SUCCESS] [estadisticas_usuarios.api] ✅ SUCCESS: Estadísticas obtenidas correctamente | Details: {"total":9,"active":6,"inactive":3,"admins":4}
[01:28:51.017] [SYSTEM ] [logger.system       ] 🚀 Sistema de logging CopFlow v3.0 inicializado - by Diomedez98
[01:28:51.017] [INFO   ] [operarios.php       ] Filtros recibidos: search='', status='', page=1, per_page=10
[01:28:51.122] [INFO   ] [usuarios.php        ] Módulo usuarios v2.2 cargado. Total=9, Página=1, PerPage=10
[01:28:51.663] [SYSTEM ] [logger.system       ] 🚀 Sistema de logging CopFlow v3.0 inicializado - by Diomedez98
[01:28:51.976] [SUCCESS] [estadisticas_usuarios.api] ✅ SUCCESS: Estadísticas obtenidas correctamente | Details: {"total":9,"active":6,"inactive":3,"admins":4}
[01:34:20.675] [SYSTEM ] [logger.system       ] 🚀 Sistema de logging CopFlow v3.0 inicializado - by Diomedez98
[01:34:20.676] [INFO   ] [usuarios.php        ] Filtros recibidos: search='', role='', status='', page=1, per_page=10
[01:34:20.712] [SYSTEM ] [logger.system       ] 🚀 Sistema de logging CopFlow v3.0 inicializado - by Diomedez98
[01:34:21.188] [SUCCESS] [estadisticas_usuarios.api] ✅ SUCCESS: Estadísticas obtenidas correctamente | Details: {"total":9,"active":6,"inactive":3,"admins":4}
[01:34:21.447] [SYSTEM ] [logger.system       ] 🚀 Sistema de logging CopFlow v3.0 inicializado - by Diomedez98
[01:34:21.448] [INFO   ] [operarios.php       ] Filtros recibidos: search='', status='', page=1, per_page=10
[01:34:22.071] [INFO   ] [usuarios.php        ] Módulo usuarios v2.2 cargado. Total=9, Página=1, PerPage=10
[01:34:22.723] [SYSTEM ] [logger.system       ] 🚀 Sistema de logging CopFlow v3.0 inicializado - by Diomedez98
[01:34:23.151] [SUCCESS] [estadisticas_usuarios.api] ✅ SUCCESS: Estadísticas obtenidas correctamente | Details: {"total":9,"active":6,"inactive":3,"admins":4}
[02:03:38.133] [SYSTEM ] [logger.system       ] 🚀 Sistema de logging CopFlow v3.0 inicializado - by Diomedez98
[02:03:38.134] [INFO   ] [usuarios.php        ] Filtros recibidos: search='', role='', status='', page=1, per_page=10
[02:03:38.177] [SYSTEM ] [logger.system       ] 🚀 Sistema de logging CopFlow v3.0 inicializado - by Diomedez98
[02:03:38.648] [SUCCESS] [estadisticas_usuarios.api] ✅ SUCCESS: Estadísticas obtenidas correctamente | Details: {"total":9,"active":6,"inactive":3,"admins":4}
[02:03:39.526] [INFO   ] [usuarios.php        ] Módulo usuarios v2.2 cargado. Total=9, Página=1, PerPage=10
[02:03:40.328] [SYSTEM ] [logger.system       ] 🚀 Sistema de logging CopFlow v3.0 inicializado - by Diomedez98
[02:03:40.754] [SUCCESS] [estadisticas_usuarios.api] ✅ SUCCESS: Estadísticas obtenidas correctamente | Details: {"total":9,"active":6,"inactive":3,"admins":4}
[02:03:46.841] [SYSTEM ] [logger.system       ] 🚀 Sistema de logging CopFlow v3.0 inicializado - by Diomedez98
[02:03:46.842] [INFO   ] [operarios.php       ] Filtros recibidos: search='', status='', page=1, per_page=10
[02:03:50.689] [SYSTEM ] [logger.system       ] 🚀 Sistema de logging CopFlow v3.0 inicializado - by Diomedez98
[02:03:50.779] [SYSTEM ] [logger.system       ] 🚀 Sistema de logging CopFlow v3.0 inicializado - by Diomedez98
[02:03:50.779] [INFO   ] [usuarios.php        ] Filtros recibidos: search='', role='', status='', page=1, per_page=10
[02:03:51.069] [SUCCESS] [estadisticas_usuarios.api] ✅ SUCCESS: Estadísticas obtenidas correctamente | Details: {"total":9,"active":6,"inactive":3,"admins":4}
[02:03:52.324] [INFO   ] [usuarios.php        ] Módulo usuarios v2.2 cargado. Total=9, Página=1, PerPage=10
[02:03:52.527] [SYSTEM ] [logger.system       ] 🚀 Sistema de logging CopFlow v3.0 inicializado - by Diomedez98
[02:03:52.528] [INFO   ] [operarios.php       ] Filtros recibidos: search='', status='', page=1, per_page=10
[02:03:53.099] [SYSTEM ] [logger.system       ] 🚀 Sistema de logging CopFlow v3.0 inicializado - by Diomedez98
[02:03:53.569] [SUCCESS] [estadisticas_usuarios.api] ✅ SUCCESS: Estadísticas obtenidas correctamente | Details: {"total":9,"active":6,"inactive":3,"admins":4}
[02:08:17.434] [SYSTEM ] [logger.system       ] 🚀 Sistema de logging CopFlow v3.0 inicializado - by Diomedez98
[02:08:17.435] [INFO   ] [usuarios.php        ] Filtros recibidos: search='', role='', status='', page=1, per_page=10
[02:08:17.464] [SYSTEM ] [logger.system       ] 🚀 Sistema de logging CopFlow v3.0 inicializado - by Diomedez98
[02:08:17.890] [SUCCESS] [estadisticas_usuarios.api] ✅ SUCCESS: Estadísticas obtenidas correctamente | Details: {"total":9,"active":6,"inactive":3,"admins":4}
[02:08:18.824] [INFO   ] [usuarios.php        ] Módulo usuarios v2.2 cargado. Total=9, Página=1, PerPage=10
[02:08:19.041] [SYSTEM ] [logger.system       ] 🚀 Sistema de logging CopFlow v3.0 inicializado - by Diomedez98
[02:08:19.042] [INFO   ] [operarios.php       ] Filtros: search='', status='', page=1, per_page=0
[02:08:19.471] [SYSTEM ] [logger.system       ] 🚀 Sistema de logging CopFlow v3.0 inicializado - by Diomedez98
[02:08:19.898] [SUCCESS] [estadisticas_usuarios.api] ✅ SUCCESS: Estadísticas obtenidas correctamente | Details: {"total":9,"active":6,"inactive":3,"admins":4}
[02:28:09.081] [SYSTEM ] [logger.system       ] 🚀 Sistema de logging CopFlow v3.0 inicializado - by Diomedez98
[02:28:09.641] [SUCCESS] [estadisticas_usuarios.api] ✅ SUCCESS: Estadísticas obtenidas correctamente | Details: {"total":9,"active":6,"inactive":3,"admins":4}
[02:28:10.304] [SYSTEM ] [logger.system       ] 🚀 Sistema de logging CopFlow v3.0 inicializado - by Diomedez98
[02:28:10.304] [INFO   ] [usuarios.php        ] Filtros recibidos: search='', role='', status='', page=1, per_page=10
[02:28:10.358] [SYSTEM ] [logger.system       ] 🚀 Sistema de logging CopFlow v3.0 inicializado - by Diomedez98
[02:28:10.930] [SUCCESS] [estadisticas_usuarios.api] ✅ SUCCESS: Estadísticas obtenidas correctamente | Details: {"total":9,"active":6,"inactive":3,"admins":4}
[02:28:12.037] [INFO   ] [usuarios.php        ] Módulo usuarios v2.2 cargado. Total=9, Página=1, PerPage=10
[02:28:12.790] [SYSTEM ] [logger.system       ] 🚀 Sistema de logging CopFlow v3.0 inicializado - by Diomedez98
[02:28:13.304] [SUCCESS] [estadisticas_usuarios.api] ✅ SUCCESS: Estadísticas obtenidas correctamente | Details: {"total":9,"active":6,"inactive":3,"admins":4}
[02:28:21.254] [SYSTEM ] [logger.system       ] 🚀 Sistema de logging CopFlow v3.0 inicializado - by Diomedez98
[02:28:21.254] [INFO   ] [usuarios.php        ] Filtros recibidos: search='', role='', status='', page=1, per_page=10
[02:28:21.300] [SYSTEM ] [logger.system       ] 🚀 Sistema de logging CopFlow v3.0 inicializado - by Diomedez98
[02:28:21.873] [SUCCESS] [estadisticas_usuarios.api] ✅ SUCCESS: Estadísticas obtenidas correctamente | Details: {"total":9,"active":6,"inactive":3,"admins":4}
[02:28:23.381] [INFO   ] [usuarios.php        ] Módulo usuarios v2.2 cargado. Total=9, Página=1, PerPage=10
[02:28:24.801] [SYSTEM ] [logger.system       ] 🚀 Sistema de logging CopFlow v3.0 inicializado - by Diomedez98
[02:28:25.441] [SUCCESS] [estadisticas_usuarios.api] ✅ SUCCESS: Estadísticas obtenidas correctamente | Details: {"total":9,"active":6,"inactive":3,"admins":4}
[02:28:30.506] [SYSTEM ] [logger.system       ] 🚀 Sistema de logging CopFlow v3.0 inicializado - by Diomedez98
[02:28:30.507] [INFO   ] [usuarios.php        ] Filtros recibidos: search='', role='', status='', page=1, per_page=10
[02:28:30.551] [SYSTEM ] [logger.system       ] 🚀 Sistema de logging CopFlow v3.0 inicializado - by Diomedez98
[02:28:31.134] [SUCCESS] [estadisticas_usuarios.api] ✅ SUCCESS: Estadísticas obtenidas correctamente | Details: {"total":9,"active":6,"inactive":3,"admins":4}
[02:28:32.260] [INFO   ] [usuarios.php        ] Módulo usuarios v2.2 cargado. Total=9, Página=1, PerPage=10
[02:28:33.920] [SYSTEM ] [logger.system       ] 🚀 Sistema de logging CopFlow v3.0 inicializado - by Diomedez98
[02:28:34.464] [SUCCESS] [estadisticas_usuarios.api] ✅ SUCCESS: Estadísticas obtenidas correctamente | Details: {"total":9,"active":6,"inactive":3,"admins":4}
[02:29:11.504] [SYSTEM ] [logger.system       ] 🚀 Sistema de logging CopFlow v3.0 inicializado - by Diomedez98
[02:29:11.545] [SYSTEM ] [logger.system       ] 🚀 Sistema de logging CopFlow v3.0 inicializado - by Diomedez98
[02:29:11.545] [INFO   ] [usuarios.php        ] Filtros recibidos: search='', role='', status='', page=1, per_page=10
[02:29:12.049] [SUCCESS] [estadisticas_usuarios.api] ✅ SUCCESS: Estadísticas obtenidas correctamente | Details: {"total":9,"active":6,"inactive":3,"admins":4}
[02:29:12.718] [SYSTEM ] [logger.system       ] 🚀 Sistema de logging CopFlow v3.0 inicializado - by Diomedez98
[02:29:12.718] [INFO   ] [operarios.php       ] Filtros: search='', status='', page=1, per_page=0
[02:29:13.483] [INFO   ] [usuarios.php        ] Módulo usuarios v2.2 cargado. Total=9, Página=1, PerPage=10
[02:29:14.191] [SYSTEM ] [logger.system       ] 🚀 Sistema de logging CopFlow v3.0 inicializado - by Diomedez98
[02:29:14.680] [SUCCESS] [estadisticas_usuarios.api] ✅ SUCCESS: Estadísticas obtenidas correctamente | Details: {"total":9,"active":6,"inactive":3,"admins":4}
[02:29:30.421] [SYSTEM ] [logger.system       ] 🚀 Sistema de logging CopFlow v3.0 inicializado - by Diomedez98
[02:29:30.421] [INFO   ] [usuarios.php        ] Filtros recibidos: search='', role='', status='', page=1, per_page=10
[02:29:30.461] [SYSTEM ] [logger.system       ] 🚀 Sistema de logging CopFlow v3.0 inicializado - by Diomedez98
[02:29:31.042] [SUCCESS] [estadisticas_usuarios.api] ✅ SUCCESS: Estadísticas obtenidas correctamente | Details: {"total":9,"active":6,"inactive":3,"admins":4}
[02:29:31.405] [SYSTEM ] [logger.system       ] 🚀 Sistema de logging CopFlow v3.0 inicializado - by Diomedez98
[02:29:31.406] [INFO   ] [operarios.php       ] Filtros recibidos: search='', status='', page=1, per_page=10
[02:29:32.128] [INFO   ] [usuarios.php        ] Módulo usuarios v2.2 cargado. Total=9, Página=1, PerPage=10
[02:29:32.921] [SYSTEM ] [logger.system       ] 🚀 Sistema de logging CopFlow v3.0 inicializado - by Diomedez98
[02:29:33.508] [SUCCESS] [estadisticas_usuarios.api] ✅ SUCCESS: Estadísticas obtenidas correctamente | Details: {"total":9,"active":6,"inactive":3,"admins":4}
