[01:37:57.160] [SYSTEM ] [logger.system       ] 🚀 Sistema de logging CopFlow v3.0 inicializado - by Diomedez98
[01:37:57.160] [INFO   ] [validar_login.php   ] POST recibido: Array
(
    [email] => soporteclangsm@gmail.com
    [password] => admin123
)

[01:37:57.238] [INFO   ] [validar_login.php   ] ✅ Login exitoso en users: soporteclangsm@gmail.com (admin)
[01:38:00.137] [SYSTEM ] [logger.system       ] 🚀 Sistema de logging CopFlow v3.0 inicializado - by Diomedez98
[01:38:00.137] [INFO   ] [usuarios.php        ] Filtros recibidos: search='', role='', status='', page=1, per_page=10
[01:38:00.153] [INFO   ] [usuarios.php        ] Módulo usuarios v2.2 cargado. Total=2, Página=1, PerPage=10
[01:38:00.225] [SYSTEM ] [logger.system       ] 🚀 Sistema de logging CopFlow v3.0 inicializado - by Diomedez98
[01:38:00.225] [INFO   ] [usuarios.php        ] Filtros recibidos: search='', role='', status='', page=1, per_page=10
[01:38:00.228] [INFO   ] [usuarios.php        ] Módulo usuarios v2.2 cargado. Total=2, Página=1, PerPage=10
[01:38:00.292] [SYSTEM ] [logger.system       ] 🚀 Sistema de logging CopFlow v3.0 inicializado - by Diomedez98
[01:38:00.292] [INFO   ] [usuarios.php        ] Filtros recibidos: search='', role='', status='', page=1, per_page=10
[01:38:00.295] [INFO   ] [usuarios.php        ] Módulo usuarios v2.2 cargado. Total=2, Página=1, PerPage=10
[01:42:13.076] [SYSTEM ] [logger.system       ] 🚀 Sistema de logging CopFlow v3.0 inicializado - by Diomedez98
[01:42:13.077] [INFO   ] [operarios.php       ] Filtros recibidos: search='', status='', page=1, per_page=10
[01:42:13.093] [INFO   ] [operarios.php       ] Módulo operarios cargado. Total=3, Página=1, PerPage=10
[01:42:13.156] [SYSTEM ] [logger.system       ] 🚀 Sistema de logging CopFlow v3.0 inicializado - by Diomedez98
[01:42:13.156] [INFO   ] [operarios.php       ] Filtros recibidos: search='', status='', page=1, per_page=10
[01:42:13.157] [INFO   ] [operarios.php       ] Módulo operarios cargado. Total=3, Página=1, PerPage=10
[01:42:13.247] [SYSTEM ] [logger.system       ] 🚀 Sistema de logging CopFlow v3.0 inicializado - by Diomedez98
[01:42:13.247] [INFO   ] [operarios.php       ] Filtros recibidos: search='', status='', page=1, per_page=10
[01:42:13.248] [INFO   ] [operarios.php       ] Módulo operarios cargado. Total=3, Página=1, PerPage=10
[01:42:13.701] [SYSTEM ] [logger.system       ] 🚀 Sistema de logging CopFlow v3.0 inicializado - by Diomedez98
[01:42:13.702] [SUCCESS] [estadisticas_operarios.api] ✅ SUCCESS: Estadísticas obtenidas correctamente | Details: {"total":"3","available":"3","unavailable":"0"}
[01:42:13.758] [SYSTEM ] [logger.system       ] 🚀 Sistema de logging CopFlow v3.0 inicializado - by Diomedez98
[01:42:13.759] [SUCCESS] [estadisticas_operarios.api] ✅ SUCCESS: Estadísticas obtenidas correctamente | Details: {"total":"3","available":"3","unavailable":"0"}
[01:42:13.958] [SYSTEM ] [logger.system       ] 🚀 Sistema de logging CopFlow v3.0 inicializado - by Diomedez98
[01:42:13.959] [SUCCESS] [estadisticas_operarios.api] ✅ SUCCESS: Estadísticas obtenidas correctamente | Details: {"total":"3","available":"3","unavailable":"0"}
[01:42:14.019] [SYSTEM ] [logger.system       ] 🚀 Sistema de logging CopFlow v3.0 inicializado - by Diomedez98
[01:42:14.019] [SUCCESS] [estadisticas_operarios.api] ✅ SUCCESS: Estadísticas obtenidas correctamente | Details: {"total":"3","available":"3","unavailable":"0"}
[01:42:14.659] [SYSTEM ] [logger.system       ] 🚀 Sistema de logging CopFlow v3.0 inicializado - by Diomedez98
[01:42:14.660] [INFO   ] [whatsapp.php        ] Módulo WhatsApp cargado por usuario: Noe Diomedes Diaz Madrigal (rol=admin, id=1)
[01:42:14.725] [SYSTEM ] [logger.system       ] 🚀 Sistema de logging CopFlow v3.0 inicializado - by Diomedez98
[01:42:14.725] [INFO   ] [whatsapp.php        ] Módulo WhatsApp cargado por usuario: Noe Diomedes Diaz Madrigal (rol=admin, id=1)
[01:42:14.801] [SYSTEM ] [logger.system       ] 🚀 Sistema de logging CopFlow v3.0 inicializado - by Diomedez98
[01:42:14.801] [INFO   ] [whatsapp.php        ] Módulo WhatsApp cargado por usuario: Noe Diomedes Diaz Madrigal (rol=admin, id=1)
[01:42:14.917] [SYSTEM ] [logger.system       ] 🚀 Sistema de logging CopFlow v3.0 inicializado - by Diomedez98
[01:42:14.927] [SYSTEM ] [logger.system       ] 🚀 Sistema de logging CopFlow v3.0 inicializado - by Diomedez98
[01:42:14.938] [INFO   ] [obtener_chats.php   ] Consultados 7 chats por Noe Diomedes Diaz Madrigal (id=1)
[01:42:14.991] [SYSTEM ] [logger.system       ] 🚀 Sistema de logging CopFlow v3.0 inicializado - by Diomedez98
[01:42:15.000] [SYSTEM ] [logger.system       ] 🚀 Sistema de logging CopFlow v3.0 inicializado - by Diomedez98
[01:42:15.004] [INFO   ] [obtener_chats.php   ] Consultados 7 chats por Noe Diomedes Diaz Madrigal (id=1)
[01:42:15.035] [SYSTEM ] [logger.system       ] 🚀 Sistema de logging CopFlow v3.0 inicializado - by Diomedez98
[01:42:15.036] [INFO   ] [contar_no_leidos.php] Total no leídos: 0
[01:42:15.136] [SYSTEM ] [logger.system       ] 🚀 Sistema de logging CopFlow v3.0 inicializado - by Diomedez98
[01:42:15.139] [INFO   ] [obtener_chats.php   ] Consultados 7 chats por Noe Diomedes Diaz Madrigal (id=1)
[01:42:15.151] [SYSTEM ] [logger.system       ] 🚀 Sistema de logging CopFlow v3.0 inicializado - by Diomedez98
[01:42:15.152] [INFO   ] [contar_no_leidos.php] Total no leídos: 0
[01:42:15.221] [SYSTEM ] [logger.system       ] 🚀 Sistema de logging CopFlow v3.0 inicializado - by Diomedez98
[01:42:15.222] [INFO   ] [contar_no_leidos.php] Total no leídos: 0
[01:42:16.678] [SYSTEM ] [logger.system       ] 🚀 Sistema de logging CopFlow v3.0 inicializado - by Diomedez98
[01:42:16.680] [INFO   ] [marcar_leido.php    ] Marcados como leídos 0 mensajes en chat 7
[01:42:16.681] [SYSTEM ] [logger.system       ] 🚀 Sistema de logging CopFlow v3.0 inicializado - by Diomedez98
[01:42:16.682] [INFO   ] [obtener_mensajes.php] Consultados 1 mensajes para chat 7 por Noe Diomedes Diaz Madrigal (id=1)
[01:42:16.743] [SYSTEM ] [logger.system       ] 🚀 Sistema de logging CopFlow v3.0 inicializado - by Diomedez98
[01:42:16.744] [INFO   ] [contar_no_leidos.php] Total no leídos: 0
[01:42:17.002] [SYSTEM ] [logger.system       ] 🚀 Sistema de logging CopFlow v3.0 inicializado - by Diomedez98
[01:42:18.321] [SYSTEM ] [logger.system       ] 🚀 Sistema de logging CopFlow v3.0 inicializado - by Diomedez98
[01:42:18.322] [INFO   ] [marcar_leido.php    ] Marcados como leídos 0 mensajes en chat 6
[01:42:18.334] [SYSTEM ] [logger.system       ] 🚀 Sistema de logging CopFlow v3.0 inicializado - by Diomedez98
[01:42:18.334] [INFO   ] [obtener_mensajes.php] Consultados 3 mensajes para chat 6 por Noe Diomedes Diaz Madrigal (id=1)
[01:42:18.442] [SYSTEM ] [logger.system       ] 🚀 Sistema de logging CopFlow v3.0 inicializado - by Diomedez98
[01:42:18.443] [INFO   ] [contar_no_leidos.php] Total no leídos: 0
[01:42:18.990] [SYSTEM ] [logger.system       ] 🚀 Sistema de logging CopFlow v3.0 inicializado - by Diomedez98
[01:42:20.999] [SYSTEM ] [logger.system       ] 🚀 Sistema de logging CopFlow v3.0 inicializado - by Diomedez98
[01:42:21.057] [SYSTEM ] [logger.system       ] 🚀 Sistema de logging CopFlow v3.0 inicializado - by Diomedez98
[01:42:21.057] [INFO   ] [marcar_leido.php    ] Marcados como leídos 0 mensajes en chat 5
[01:42:21.105] [SYSTEM ] [logger.system       ] 🚀 Sistema de logging CopFlow v3.0 inicializado - by Diomedez98
[01:42:21.106] [INFO   ] [obtener_mensajes.php] Consultados 220 mensajes para chat 5 por Noe Diomedes Diaz Madrigal (id=1)
[01:42:21.167] [SYSTEM ] [logger.system       ] 🚀 Sistema de logging CopFlow v3.0 inicializado - by Diomedez98
[01:42:21.169] [INFO   ] [contar_no_leidos.php] Total no leídos: 0
[01:42:23.004] [SYSTEM ] [logger.system       ] 🚀 Sistema de logging CopFlow v3.0 inicializado - by Diomedez98
[01:42:25.255] [SYSTEM ] [logger.system       ] 🚀 Sistema de logging CopFlow v3.0 inicializado - by Diomedez98
[01:42:27.452] [SYSTEM ] [logger.system       ] 🚀 Sistema de logging CopFlow v3.0 inicializado - by Diomedez98
[01:42:29.605] [SYSTEM ] [logger.system       ] 🚀 Sistema de logging CopFlow v3.0 inicializado - by Diomedez98
[01:42:31.253] [SYSTEM ] [logger.system       ] 🚀 Sistema de logging CopFlow v3.0 inicializado - by Diomedez98
[01:42:33.979] [SYSTEM ] [logger.system       ] 🚀 Sistema de logging CopFlow v3.0 inicializado - by Diomedez98
[01:42:35.267] [SYSTEM ] [logger.system       ] 🚀 Sistema de logging CopFlow v3.0 inicializado - by Diomedez98
[01:42:37.256] [SYSTEM ] [logger.system       ] 🚀 Sistema de logging CopFlow v3.0 inicializado - by Diomedez98
[01:42:39.267] [SYSTEM ] [logger.system       ] 🚀 Sistema de logging CopFlow v3.0 inicializado - by Diomedez98
[01:42:41.268] [SYSTEM ] [logger.system       ] 🚀 Sistema de logging CopFlow v3.0 inicializado - by Diomedez98
[01:42:43.251] [SYSTEM ] [logger.system       ] 🚀 Sistema de logging CopFlow v3.0 inicializado - by Diomedez98
[01:42:45.253] [SYSTEM ] [logger.system       ] 🚀 Sistema de logging CopFlow v3.0 inicializado - by Diomedez98
[01:42:47.257] [SYSTEM ] [logger.system       ] 🚀 Sistema de logging CopFlow v3.0 inicializado - by Diomedez98
[01:42:49.362] [SYSTEM ] [logger.system       ] 🚀 Sistema de logging CopFlow v3.0 inicializado - by Diomedez98
[01:42:51.261] [SYSTEM ] [logger.system       ] 🚀 Sistema de logging CopFlow v3.0 inicializado - by Diomedez98
[01:42:53.269] [SYSTEM ] [logger.system       ] 🚀 Sistema de logging CopFlow v3.0 inicializado - by Diomedez98
[01:42:55.701] [SYSTEM ] [logger.system       ] 🚀 Sistema de logging CopFlow v3.0 inicializado - by Diomedez98
[01:42:57.252] [SYSTEM ] [logger.system       ] 🚀 Sistema de logging CopFlow v3.0 inicializado - by Diomedez98
[01:42:59.260] [SYSTEM ] [logger.system       ] 🚀 Sistema de logging CopFlow v3.0 inicializado - by Diomedez98
[01:43:01.254] [SYSTEM ] [logger.system       ] 🚀 Sistema de logging CopFlow v3.0 inicializado - by Diomedez98
[01:43:03.276] [SYSTEM ] [logger.system       ] 🚀 Sistema de logging CopFlow v3.0 inicializado - by Diomedez98
[01:43:05.259] [SYSTEM ] [logger.system       ] 🚀 Sistema de logging CopFlow v3.0 inicializado - by Diomedez98
[01:43:07.249] [SYSTEM ] [logger.system       ] 🚀 Sistema de logging CopFlow v3.0 inicializado - by Diomedez98
[01:43:09.441] [SYSTEM ] [logger.system       ] 🚀 Sistema de logging CopFlow v3.0 inicializado - by Diomedez98
[01:43:11.249] [SYSTEM ] [logger.system       ] 🚀 Sistema de logging CopFlow v3.0 inicializado - by Diomedez98
[01:43:13.256] [SYSTEM ] [logger.system       ] 🚀 Sistema de logging CopFlow v3.0 inicializado - by Diomedez98
[01:43:15.257] [SYSTEM ] [logger.system       ] 🚀 Sistema de logging CopFlow v3.0 inicializado - by Diomedez98
[01:43:17.253] [SYSTEM ] [logger.system       ] 🚀 Sistema de logging CopFlow v3.0 inicializado - by Diomedez98
[01:43:19.892] [SYSTEM ] [logger.system       ] 🚀 Sistema de logging CopFlow v3.0 inicializado - by Diomedez98
[01:43:21.282] [SYSTEM ] [logger.system       ] 🚀 Sistema de logging CopFlow v3.0 inicializado - by Diomedez98
[01:43:23.262] [SYSTEM ] [logger.system       ] 🚀 Sistema de logging CopFlow v3.0 inicializado - by Diomedez98
[01:43:59.345] [SYSTEM ] [logger.system       ] 🚀 Sistema de logging CopFlow v3.0 inicializado - by Diomedez98
[01:44:13.470] [SYSTEM ] [logger.system       ] 🚀 Sistema de logging CopFlow v3.0 inicializado - by Diomedez98
[01:44:15.258] [SYSTEM ] [logger.system       ] 🚀 Sistema de logging CopFlow v3.0 inicializado - by Diomedez98
[01:44:17.440] [SYSTEM ] [logger.system       ] 🚀 Sistema de logging CopFlow v3.0 inicializado - by Diomedez98
[01:44:19.252] [SYSTEM ] [logger.system       ] 🚀 Sistema de logging CopFlow v3.0 inicializado - by Diomedez98
[01:44:21.264] [SYSTEM ] [logger.system       ] 🚀 Sistema de logging CopFlow v3.0 inicializado - by Diomedez98
[01:44:23.263] [SYSTEM ] [logger.system       ] 🚀 Sistema de logging CopFlow v3.0 inicializado - by Diomedez98
[01:44:26.197] [SYSTEM ] [logger.system       ] 🚀 Sistema de logging CopFlow v3.0 inicializado - by Diomedez98
[01:44:27.286] [SYSTEM ] [logger.system       ] 🚀 Sistema de logging CopFlow v3.0 inicializado - by Diomedez98
[01:44:29.439] [SYSTEM ] [logger.system       ] 🚀 Sistema de logging CopFlow v3.0 inicializado - by Diomedez98
[01:44:31.274] [SYSTEM ] [logger.system       ] 🚀 Sistema de logging CopFlow v3.0 inicializado - by Diomedez98
[01:44:32.994] [SYSTEM ] [logger.system       ] 🚀 Sistema de logging CopFlow v3.0 inicializado - by Diomedez98
[01:44:34.992] [SYSTEM ] [logger.system       ] 🚀 Sistema de logging CopFlow v3.0 inicializado - by Diomedez98
[01:44:36.998] [SYSTEM ] [logger.system       ] 🚀 Sistema de logging CopFlow v3.0 inicializado - by Diomedez98
[01:44:39.342] [SYSTEM ] [logger.system       ] 🚀 Sistema de logging CopFlow v3.0 inicializado - by Diomedez98
[01:44:41.359] [SYSTEM ] [logger.system       ] 🚀 Sistema de logging CopFlow v3.0 inicializado - by Diomedez98
[01:44:42.995] [SYSTEM ] [logger.system       ] 🚀 Sistema de logging CopFlow v3.0 inicializado - by Diomedez98
[01:44:44.987] [SYSTEM ] [logger.system       ] 🚀 Sistema de logging CopFlow v3.0 inicializado - by Diomedez98
[01:44:46.989] [SYSTEM ] [logger.system       ] 🚀 Sistema de logging CopFlow v3.0 inicializado - by Diomedez98
[01:44:48.992] [SYSTEM ] [logger.system       ] 🚀 Sistema de logging CopFlow v3.0 inicializado - by Diomedez98
[01:44:50.988] [SYSTEM ] [logger.system       ] 🚀 Sistema de logging CopFlow v3.0 inicializado - by Diomedez98
[01:44:52.999] [SYSTEM ] [logger.system       ] 🚀 Sistema de logging CopFlow v3.0 inicializado - by Diomedez98
[01:44:54.988] [SYSTEM ] [logger.system       ] 🚀 Sistema de logging CopFlow v3.0 inicializado - by Diomedez98
[01:44:56.988] [SYSTEM ] [logger.system       ] 🚀 Sistema de logging CopFlow v3.0 inicializado - by Diomedez98
[01:44:59.007] [SYSTEM ] [logger.system       ] 🚀 Sistema de logging CopFlow v3.0 inicializado - by Diomedez98
[01:45:00.988] [SYSTEM ] [logger.system       ] 🚀 Sistema de logging CopFlow v3.0 inicializado - by Diomedez98
[01:45:02.988] [SYSTEM ] [logger.system       ] 🚀 Sistema de logging CopFlow v3.0 inicializado - by Diomedez98
[01:45:05.009] [SYSTEM ] [logger.system       ] 🚀 Sistema de logging CopFlow v3.0 inicializado - by Diomedez98
[01:45:06.989] [SYSTEM ] [logger.system       ] 🚀 Sistema de logging CopFlow v3.0 inicializado - by Diomedez98
[01:45:09.009] [SYSTEM ] [logger.system       ] 🚀 Sistema de logging CopFlow v3.0 inicializado - by Diomedez98
[01:45:11.125] [SYSTEM ] [logger.system       ] 🚀 Sistema de logging CopFlow v3.0 inicializado - by Diomedez98
[01:45:12.990] [SYSTEM ] [logger.system       ] 🚀 Sistema de logging CopFlow v3.0 inicializado - by Diomedez98
[01:45:13.699] [SYSTEM ] [logger.system       ] 🚀 Sistema de logging CopFlow v3.0 inicializado - by Diomedez98
[01:45:13.699] [SUCCESS] [estadisticas_operarios.api] ✅ SUCCESS: Estadísticas obtenidas correctamente | Details: {"total":"3","available":"3","unavailable":"0"}
[01:45:14.989] [SYSTEM ] [logger.system       ] 🚀 Sistema de logging CopFlow v3.0 inicializado - by Diomedez98
[01:45:16.987] [SYSTEM ] [logger.system       ] 🚀 Sistema de logging CopFlow v3.0 inicializado - by Diomedez98
[01:45:18.991] [SYSTEM ] [logger.system       ] 🚀 Sistema de logging CopFlow v3.0 inicializado - by Diomedez98
[01:45:21.001] [SYSTEM ] [logger.system       ] 🚀 Sistema de logging CopFlow v3.0 inicializado - by Diomedez98
[01:45:22.986] [SYSTEM ] [logger.system       ] 🚀 Sistema de logging CopFlow v3.0 inicializado - by Diomedez98
[01:45:24.989] [SYSTEM ] [logger.system       ] 🚀 Sistema de logging CopFlow v3.0 inicializado - by Diomedez98
[01:45:26.986] [SYSTEM ] [logger.system       ] 🚀 Sistema de logging CopFlow v3.0 inicializado - by Diomedez98
[01:45:28.987] [SYSTEM ] [logger.system       ] 🚀 Sistema de logging CopFlow v3.0 inicializado - by Diomedez98
[01:45:30.993] [SYSTEM ] [logger.system       ] 🚀 Sistema de logging CopFlow v3.0 inicializado - by Diomedez98
[01:45:32.987] [SYSTEM ] [logger.system       ] 🚀 Sistema de logging CopFlow v3.0 inicializado - by Diomedez98
[01:45:35.013] [SYSTEM ] [logger.system       ] 🚀 Sistema de logging CopFlow v3.0 inicializado - by Diomedez98
[01:45:36.995] [SYSTEM ] [logger.system       ] 🚀 Sistema de logging CopFlow v3.0 inicializado - by Diomedez98
[01:45:38.989] [SYSTEM ] [logger.system       ] 🚀 Sistema de logging CopFlow v3.0 inicializado - by Diomedez98
[01:45:41.003] [SYSTEM ] [logger.system       ] 🚀 Sistema de logging CopFlow v3.0 inicializado - by Diomedez98
[01:45:42.992] [SYSTEM ] [logger.system       ] 🚀 Sistema de logging CopFlow v3.0 inicializado - by Diomedez98
[01:45:44.989] [SYSTEM ] [logger.system       ] 🚀 Sistema de logging CopFlow v3.0 inicializado - by Diomedez98
[01:45:45.058] [SYSTEM ] [logger.system       ] 🚀 Sistema de logging CopFlow v3.0 inicializado - by Diomedez98
[01:45:45.058] [INFO   ] [marcar_leido.php    ] Marcados como leídos 0 mensajes en chat 7
[01:45:45.070] [SYSTEM ] [logger.system       ] 🚀 Sistema de logging CopFlow v3.0 inicializado - by Diomedez98
[01:45:45.071] [INFO   ] [obtener_mensajes.php] Consultados 1 mensajes para chat 7 por Noe Diomedes Diaz Madrigal (id=1)
[01:45:45.155] [SYSTEM ] [logger.system       ] 🚀 Sistema de logging CopFlow v3.0 inicializado - by Diomedez98
[01:45:45.156] [INFO   ] [contar_no_leidos.php] Total no leídos: 0
[01:45:46.989] [SYSTEM ] [logger.system       ] 🚀 Sistema de logging CopFlow v3.0 inicializado - by Diomedez98
[01:45:48.990] [SYSTEM ] [logger.system       ] 🚀 Sistema de logging CopFlow v3.0 inicializado - by Diomedez98
[01:45:50.995] [SYSTEM ] [logger.system       ] 🚀 Sistema de logging CopFlow v3.0 inicializado - by Diomedez98
[01:45:52.998] [SYSTEM ] [logger.system       ] 🚀 Sistema de logging CopFlow v3.0 inicializado - by Diomedez98
[01:45:54.987] [SYSTEM ] [logger.system       ] 🚀 Sistema de logging CopFlow v3.0 inicializado - by Diomedez98
[01:45:56.986] [SYSTEM ] [logger.system       ] 🚀 Sistema de logging CopFlow v3.0 inicializado - by Diomedez98
[01:45:58.987] [SYSTEM ] [logger.system       ] 🚀 Sistema de logging CopFlow v3.0 inicializado - by Diomedez98
[01:46:00.987] [SYSTEM ] [logger.system       ] 🚀 Sistema de logging CopFlow v3.0 inicializado - by Diomedez98
[01:46:02.990] [SYSTEM ] [logger.system       ] 🚀 Sistema de logging CopFlow v3.0 inicializado - by Diomedez98
[01:46:05.120] [SYSTEM ] [logger.system       ] 🚀 Sistema de logging CopFlow v3.0 inicializado - by Diomedez98
[01:46:07.015] [SYSTEM ] [logger.system       ] 🚀 Sistema de logging CopFlow v3.0 inicializado - by Diomedez98
[01:46:08.999] [SYSTEM ] [logger.system       ] 🚀 Sistema de logging CopFlow v3.0 inicializado - by Diomedez98
[01:46:11.261] [SYSTEM ] [logger.system       ] 🚀 Sistema de logging CopFlow v3.0 inicializado - by Diomedez98
[01:46:13.258] [SYSTEM ] [logger.system       ] 🚀 Sistema de logging CopFlow v3.0 inicializado - by Diomedez98
[01:46:15.254] [SYSTEM ] [logger.system       ] 🚀 Sistema de logging CopFlow v3.0 inicializado - by Diomedez98
[01:46:17.260] [SYSTEM ] [logger.system       ] 🚀 Sistema de logging CopFlow v3.0 inicializado - by Diomedez98
[01:46:19.001] [SYSTEM ] [logger.system       ] 🚀 Sistema de logging CopFlow v3.0 inicializado - by Diomedez98
[01:46:21.257] [SYSTEM ] [logger.system       ] 🚀 Sistema de logging CopFlow v3.0 inicializado - by Diomedez98
[01:46:23.249] [SYSTEM ] [logger.system       ] 🚀 Sistema de logging CopFlow v3.0 inicializado - by Diomedez98
[01:46:25.263] [SYSTEM ] [logger.system       ] 🚀 Sistema de logging CopFlow v3.0 inicializado - by Diomedez98
[01:46:27.250] [SYSTEM ] [logger.system       ] 🚀 Sistema de logging CopFlow v3.0 inicializado - by Diomedez98
[01:46:29.249] [SYSTEM ] [logger.system       ] 🚀 Sistema de logging CopFlow v3.0 inicializado - by Diomedez98
[01:46:31.265] [SYSTEM ] [logger.system       ] 🚀 Sistema de logging CopFlow v3.0 inicializado - by Diomedez98
[01:46:33.258] [SYSTEM ] [logger.system       ] 🚀 Sistema de logging CopFlow v3.0 inicializado - by Diomedez98
[01:46:35.255] [SYSTEM ] [logger.system       ] 🚀 Sistema de logging CopFlow v3.0 inicializado - by Diomedez98
[01:46:37.261] [SYSTEM ] [logger.system       ] 🚀 Sistema de logging CopFlow v3.0 inicializado - by Diomedez98
[01:46:39.249] [SYSTEM ] [logger.system       ] 🚀 Sistema de logging CopFlow v3.0 inicializado - by Diomedez98
[01:46:41.257] [SYSTEM ] [logger.system       ] 🚀 Sistema de logging CopFlow v3.0 inicializado - by Diomedez98
[01:46:43.255] [SYSTEM ] [logger.system       ] 🚀 Sistema de logging CopFlow v3.0 inicializado - by Diomedez98
[01:46:45.473] [SYSTEM ] [logger.system       ] 🚀 Sistema de logging CopFlow v3.0 inicializado - by Diomedez98
[01:46:47.295] [SYSTEM ] [logger.system       ] 🚀 Sistema de logging CopFlow v3.0 inicializado - by Diomedez98
[01:46:49.251] [SYSTEM ] [logger.system       ] 🚀 Sistema de logging CopFlow v3.0 inicializado - by Diomedez98
[01:46:51.267] [SYSTEM ] [logger.system       ] 🚀 Sistema de logging CopFlow v3.0 inicializado - by Diomedez98
[01:46:53.271] [SYSTEM ] [logger.system       ] 🚀 Sistema de logging CopFlow v3.0 inicializado - by Diomedez98
[01:46:55.280] [SYSTEM ] [logger.system       ] 🚀 Sistema de logging CopFlow v3.0 inicializado - by Diomedez98
[01:46:57.265] [SYSTEM ] [logger.system       ] 🚀 Sistema de logging CopFlow v3.0 inicializado - by Diomedez98
[01:46:59.260] [SYSTEM ] [logger.system       ] 🚀 Sistema de logging CopFlow v3.0 inicializado - by Diomedez98
[01:47:01.451] [SYSTEM ] [logger.system       ] 🚀 Sistema de logging CopFlow v3.0 inicializado - by Diomedez98
[01:47:03.249] [SYSTEM ] [logger.system       ] 🚀 Sistema de logging CopFlow v3.0 inicializado - by Diomedez98
[01:47:05.259] [SYSTEM ] [logger.system       ] 🚀 Sistema de logging CopFlow v3.0 inicializado - by Diomedez98
[01:47:07.266] [SYSTEM ] [logger.system       ] 🚀 Sistema de logging CopFlow v3.0 inicializado - by Diomedez98
[01:47:09.257] [SYSTEM ] [logger.system       ] 🚀 Sistema de logging CopFlow v3.0 inicializado - by Diomedez98
[01:47:11.252] [SYSTEM ] [logger.system       ] 🚀 Sistema de logging CopFlow v3.0 inicializado - by Diomedez98
[01:47:13.254] [SYSTEM ] [logger.system       ] 🚀 Sistema de logging CopFlow v3.0 inicializado - by Diomedez98
[01:47:15.257] [SYSTEM ] [logger.system       ] 🚀 Sistema de logging CopFlow v3.0 inicializado - by Diomedez98
[01:47:17.271] [SYSTEM ] [logger.system       ] 🚀 Sistema de logging CopFlow v3.0 inicializado - by Diomedez98
[01:47:19.263] [SYSTEM ] [logger.system       ] 🚀 Sistema de logging CopFlow v3.0 inicializado - by Diomedez98
[01:47:59.285] [SYSTEM ] [logger.system       ] 🚀 Sistema de logging CopFlow v3.0 inicializado - by Diomedez98
[01:48:14.266] [SYSTEM ] [logger.system       ] 🚀 Sistema de logging CopFlow v3.0 inicializado - by Diomedez98
[01:48:14.268] [SUCCESS] [estadisticas_operarios.api] ✅ SUCCESS: Estadísticas obtenidas correctamente | Details: {"total":"3","available":"3","unavailable":"0"}
[01:48:59.285] [SYSTEM ] [logger.system       ] 🚀 Sistema de logging CopFlow v3.0 inicializado - by Diomedez98
[01:49:59.277] [SYSTEM ] [logger.system       ] 🚀 Sistema de logging CopFlow v3.0 inicializado - by Diomedez98
[01:50:59.267] [SYSTEM ] [logger.system       ] 🚀 Sistema de logging CopFlow v3.0 inicializado - by Diomedez98
[01:51:14.270] [SYSTEM ] [logger.system       ] 🚀 Sistema de logging CopFlow v3.0 inicializado - by Diomedez98
[01:51:14.283] [SUCCESS] [estadisticas_operarios.api] ✅ SUCCESS: Estadísticas obtenidas correctamente | Details: {"total":"3","available":"3","unavailable":"0"}
[01:51:59.266] [SYSTEM ] [logger.system       ] 🚀 Sistema de logging CopFlow v3.0 inicializado - by Diomedez98
[01:52:59.263] [SYSTEM ] [logger.system       ] 🚀 Sistema de logging CopFlow v3.0 inicializado - by Diomedez98
[01:53:59.258] [SYSTEM ] [logger.system       ] 🚀 Sistema de logging CopFlow v3.0 inicializado - by Diomedez98
[01:54:14.259] [SYSTEM ] [logger.system       ] 🚀 Sistema de logging CopFlow v3.0 inicializado - by Diomedez98
[01:54:14.259] [SUCCESS] [estadisticas_operarios.api] ✅ SUCCESS: Estadísticas obtenidas correctamente | Details: {"total":"3","available":"3","unavailable":"0"}
[01:54:59.263] [SYSTEM ] [logger.system       ] 🚀 Sistema de logging CopFlow v3.0 inicializado - by Diomedez98
[01:55:59.282] [SYSTEM ] [logger.system       ] 🚀 Sistema de logging CopFlow v3.0 inicializado - by Diomedez98
[01:56:59.271] [SYSTEM ] [logger.system       ] 🚀 Sistema de logging CopFlow v3.0 inicializado - by Diomedez98
[01:57:14.257] [SYSTEM ] [logger.system       ] 🚀 Sistema de logging CopFlow v3.0 inicializado - by Diomedez98
[01:57:14.263] [SUCCESS] [estadisticas_operarios.api] ✅ SUCCESS: Estadísticas obtenidas correctamente | Details: {"total":"3","available":"3","unavailable":"0"}
[01:57:59.587] [SYSTEM ] [logger.system       ] 🚀 Sistema de logging CopFlow v3.0 inicializado - by Diomedez98
[01:58:59.347] [SYSTEM ] [logger.system       ] 🚀 Sistema de logging CopFlow v3.0 inicializado - by Diomedez98
[01:59:59.265] [SYSTEM ] [logger.system       ] 🚀 Sistema de logging CopFlow v3.0 inicializado - by Diomedez98
[02:00:59.262] [SYSTEM ] [logger.system       ] 🚀 Sistema de logging CopFlow v3.0 inicializado - by Diomedez98
[02:00:59.262] [SYSTEM ] [logger.system       ] 🚀 Sistema de logging CopFlow v3.0 inicializado - by Diomedez98
[02:00:59.263] [SUCCESS] [estadisticas_operarios.api] ✅ SUCCESS: Estadísticas obtenidas correctamente | Details: {"total":"3","available":"3","unavailable":"0"}
[02:01:59.280] [SYSTEM ] [logger.system       ] 🚀 Sistema de logging CopFlow v3.0 inicializado - by Diomedez98
[02:02:59.253] [SYSTEM ] [logger.system       ] 🚀 Sistema de logging CopFlow v3.0 inicializado - by Diomedez98
[02:03:59.295] [SYSTEM ] [logger.system       ] 🚀 Sistema de logging CopFlow v3.0 inicializado - by Diomedez98
[02:03:59.297] [SYSTEM ] [logger.system       ] 🚀 Sistema de logging CopFlow v3.0 inicializado - by Diomedez98
[02:03:59.297] [SUCCESS] [estadisticas_operarios.api] ✅ SUCCESS: Estadísticas obtenidas correctamente | Details: {"total":"3","available":"3","unavailable":"0"}
[02:04:59.557] [SYSTEM ] [logger.system       ] 🚀 Sistema de logging CopFlow v3.0 inicializado - by Diomedez98
[02:05:59.256] [SYSTEM ] [logger.system       ] 🚀 Sistema de logging CopFlow v3.0 inicializado - by Diomedez98
[02:06:59.280] [SYSTEM ] [logger.system       ] 🚀 Sistema de logging CopFlow v3.0 inicializado - by Diomedez98
[02:06:59.281] [SYSTEM ] [logger.system       ] 🚀 Sistema de logging CopFlow v3.0 inicializado - by Diomedez98
[02:06:59.282] [SUCCESS] [estadisticas_operarios.api] ✅ SUCCESS: Estadísticas obtenidas correctamente | Details: {"total":"3","available":"3","unavailable":"0"}
[02:07:59.282] [SYSTEM ] [logger.system       ] 🚀 Sistema de logging CopFlow v3.0 inicializado - by Diomedez98
[02:08:59.265] [SYSTEM ] [logger.system       ] 🚀 Sistema de logging CopFlow v3.0 inicializado - by Diomedez98
[02:09:59.272] [SYSTEM ] [logger.system       ] 🚀 Sistema de logging CopFlow v3.0 inicializado - by Diomedez98
[02:09:59.273] [SYSTEM ] [logger.system       ] 🚀 Sistema de logging CopFlow v3.0 inicializado - by Diomedez98
[02:09:59.274] [SUCCESS] [estadisticas_operarios.api] ✅ SUCCESS: Estadísticas obtenidas correctamente | Details: {"total":"3","available":"3","unavailable":"0"}
[02:10:59.261] [SYSTEM ] [logger.system       ] 🚀 Sistema de logging CopFlow v3.0 inicializado - by Diomedez98
[02:11:59.272] [SYSTEM ] [logger.system       ] 🚀 Sistema de logging CopFlow v3.0 inicializado - by Diomedez98
[02:12:59.259] [SYSTEM ] [logger.system       ] 🚀 Sistema de logging CopFlow v3.0 inicializado - by Diomedez98
[02:12:59.264] [SYSTEM ] [logger.system       ] 🚀 Sistema de logging CopFlow v3.0 inicializado - by Diomedez98
[02:12:59.265] [SUCCESS] [estadisticas_operarios.api] ✅ SUCCESS: Estadísticas obtenidas correctamente | Details: {"total":"3","available":"3","unavailable":"0"}
[02:13:59.263] [SYSTEM ] [logger.system       ] 🚀 Sistema de logging CopFlow v3.0 inicializado - by Diomedez98
[02:14:59.255] [SYSTEM ] [logger.system       ] 🚀 Sistema de logging CopFlow v3.0 inicializado - by Diomedez98
[02:15:59.268] [SYSTEM ] [logger.system       ] 🚀 Sistema de logging CopFlow v3.0 inicializado - by Diomedez98
[02:15:59.270] [SYSTEM ] [logger.system       ] 🚀 Sistema de logging CopFlow v3.0 inicializado - by Diomedez98
[02:15:59.270] [SUCCESS] [estadisticas_operarios.api] ✅ SUCCESS: Estadísticas obtenidas correctamente | Details: {"total":"3","available":"3","unavailable":"0"}
[02:16:59.268] [SYSTEM ] [logger.system       ] 🚀 Sistema de logging CopFlow v3.0 inicializado - by Diomedez98
[02:17:59.283] [SYSTEM ] [logger.system       ] 🚀 Sistema de logging CopFlow v3.0 inicializado - by Diomedez98
[02:18:59.266] [SYSTEM ] [logger.system       ] 🚀 Sistema de logging CopFlow v3.0 inicializado - by Diomedez98
[02:18:59.270] [SYSTEM ] [logger.system       ] 🚀 Sistema de logging CopFlow v3.0 inicializado - by Diomedez98
[02:18:59.270] [SUCCESS] [estadisticas_operarios.api] ✅ SUCCESS: Estadísticas obtenidas correctamente | Details: {"total":"3","available":"3","unavailable":"0"}
[02:19:59.283] [SYSTEM ] [logger.system       ] 🚀 Sistema de logging CopFlow v3.0 inicializado - by Diomedez98
[02:20:59.258] [SYSTEM ] [logger.system       ] 🚀 Sistema de logging CopFlow v3.0 inicializado - by Diomedez98
[02:21:59.304] [SYSTEM ] [logger.system       ] 🚀 Sistema de logging CopFlow v3.0 inicializado - by Diomedez98
[02:21:59.304] [SYSTEM ] [logger.system       ] 🚀 Sistema de logging CopFlow v3.0 inicializado - by Diomedez98
[02:21:59.305] [SUCCESS] [estadisticas_operarios.api] ✅ SUCCESS: Estadísticas obtenidas correctamente | Details: {"total":"3","available":"3","unavailable":"0"}
[02:22:59.281] [SYSTEM ] [logger.system       ] 🚀 Sistema de logging CopFlow v3.0 inicializado - by Diomedez98
[02:23:59.252] [SYSTEM ] [logger.system       ] 🚀 Sistema de logging CopFlow v3.0 inicializado - by Diomedez98
[02:24:59.264] [SYSTEM ] [logger.system       ] 🚀 Sistema de logging CopFlow v3.0 inicializado - by Diomedez98
[02:24:59.266] [SYSTEM ] [logger.system       ] 🚀 Sistema de logging CopFlow v3.0 inicializado - by Diomedez98
[02:24:59.267] [SUCCESS] [estadisticas_operarios.api] ✅ SUCCESS: Estadísticas obtenidas correctamente | Details: {"total":"3","available":"3","unavailable":"0"}
[02:25:59.267] [SYSTEM ] [logger.system       ] 🚀 Sistema de logging CopFlow v3.0 inicializado - by Diomedez98
[02:26:59.256] [SYSTEM ] [logger.system       ] 🚀 Sistema de logging CopFlow v3.0 inicializado - by Diomedez98
[02:27:59.824] [SYSTEM ] [logger.system       ] 🚀 Sistema de logging CopFlow v3.0 inicializado - by Diomedez98
[02:27:59.824] [SYSTEM ] [logger.system       ] 🚀 Sistema de logging CopFlow v3.0 inicializado - by Diomedez98
[02:27:59.825] [SUCCESS] [estadisticas_operarios.api] ✅ SUCCESS: Estadísticas obtenidas correctamente | Details: {"total":"3","available":"3","unavailable":"0"}
[02:28:59.258] [SYSTEM ] [logger.system       ] 🚀 Sistema de logging CopFlow v3.0 inicializado - by Diomedez98
[02:29:59.268] [SYSTEM ] [logger.system       ] 🚀 Sistema de logging CopFlow v3.0 inicializado - by Diomedez98
[02:30:59.260] [SYSTEM ] [logger.system       ] 🚀 Sistema de logging CopFlow v3.0 inicializado - by Diomedez98
[02:30:59.273] [SYSTEM ] [logger.system       ] 🚀 Sistema de logging CopFlow v3.0 inicializado - by Diomedez98
[02:30:59.273] [SUCCESS] [estadisticas_operarios.api] ✅ SUCCESS: Estadísticas obtenidas correctamente | Details: {"total":"3","available":"3","unavailable":"0"}
[02:31:59.265] [SYSTEM ] [logger.system       ] 🚀 Sistema de logging CopFlow v3.0 inicializado - by Diomedez98
[02:32:59.251] [SYSTEM ] [logger.system       ] 🚀 Sistema de logging CopFlow v3.0 inicializado - by Diomedez98
[02:33:59.274] [SYSTEM ] [logger.system       ] 🚀 Sistema de logging CopFlow v3.0 inicializado - by Diomedez98
[02:33:59.277] [SYSTEM ] [logger.system       ] 🚀 Sistema de logging CopFlow v3.0 inicializado - by Diomedez98
[02:33:59.278] [SUCCESS] [estadisticas_operarios.api] ✅ SUCCESS: Estadísticas obtenidas correctamente | Details: {"total":"3","available":"3","unavailable":"0"}
[02:34:59.271] [SYSTEM ] [logger.system       ] 🚀 Sistema de logging CopFlow v3.0 inicializado - by Diomedez98
[02:35:59.261] [SYSTEM ] [logger.system       ] 🚀 Sistema de logging CopFlow v3.0 inicializado - by Diomedez98
[02:36:59.265] [SYSTEM ] [logger.system       ] 🚀 Sistema de logging CopFlow v3.0 inicializado - by Diomedez98
[02:36:59.276] [SYSTEM ] [logger.system       ] 🚀 Sistema de logging CopFlow v3.0 inicializado - by Diomedez98
[02:36:59.276] [SUCCESS] [estadisticas_operarios.api] ✅ SUCCESS: Estadísticas obtenidas correctamente | Details: {"total":"3","available":"3","unavailable":"0"}
[02:37:59.266] [SYSTEM ] [logger.system       ] 🚀 Sistema de logging CopFlow v3.0 inicializado - by Diomedez98
[02:38:59.266] [SYSTEM ] [logger.system       ] 🚀 Sistema de logging CopFlow v3.0 inicializado - by Diomedez98
[02:39:59.256] [SYSTEM ] [logger.system       ] 🚀 Sistema de logging CopFlow v3.0 inicializado - by Diomedez98
[02:39:59.259] [SYSTEM ] [logger.system       ] 🚀 Sistema de logging CopFlow v3.0 inicializado - by Diomedez98
[02:39:59.260] [SUCCESS] [estadisticas_operarios.api] ✅ SUCCESS: Estadísticas obtenidas correctamente | Details: {"total":"3","available":"3","unavailable":"0"}
[02:40:59.266] [SYSTEM ] [logger.system       ] 🚀 Sistema de logging CopFlow v3.0 inicializado - by Diomedez98
[02:41:59.311] [SYSTEM ] [logger.system       ] 🚀 Sistema de logging CopFlow v3.0 inicializado - by Diomedez98
[02:42:59.257] [SYSTEM ] [logger.system       ] 🚀 Sistema de logging CopFlow v3.0 inicializado - by Diomedez98
[02:42:59.276] [SYSTEM ] [logger.system       ] 🚀 Sistema de logging CopFlow v3.0 inicializado - by Diomedez98
[02:42:59.276] [SUCCESS] [estadisticas_operarios.api] ✅ SUCCESS: Estadísticas obtenidas correctamente | Details: {"total":"3","available":"3","unavailable":"0"}
[02:43:59.263] [SYSTEM ] [logger.system       ] 🚀 Sistema de logging CopFlow v3.0 inicializado - by Diomedez98
[02:44:59.265] [SYSTEM ] [logger.system       ] 🚀 Sistema de logging CopFlow v3.0 inicializado - by Diomedez98
[02:45:59.269] [SYSTEM ] [logger.system       ] 🚀 Sistema de logging CopFlow v3.0 inicializado - by Diomedez98
[02:45:59.271] [SYSTEM ] [logger.system       ] 🚀 Sistema de logging CopFlow v3.0 inicializado - by Diomedez98
[02:45:59.272] [SUCCESS] [estadisticas_operarios.api] ✅ SUCCESS: Estadísticas obtenidas correctamente | Details: {"total":"3","available":"3","unavailable":"0"}
[02:46:59.255] [SYSTEM ] [logger.system       ] 🚀 Sistema de logging CopFlow v3.0 inicializado - by Diomedez98
[02:47:59.256] [SYSTEM ] [logger.system       ] 🚀 Sistema de logging CopFlow v3.0 inicializado - by Diomedez98
[02:48:59.266] [SYSTEM ] [logger.system       ] 🚀 Sistema de logging CopFlow v3.0 inicializado - by Diomedez98
[02:48:59.268] [SYSTEM ] [logger.system       ] 🚀 Sistema de logging CopFlow v3.0 inicializado - by Diomedez98
[02:48:59.268] [SUCCESS] [estadisticas_operarios.api] ✅ SUCCESS: Estadísticas obtenidas correctamente | Details: {"total":"3","available":"3","unavailable":"0"}
[02:49:59.253] [SYSTEM ] [logger.system       ] 🚀 Sistema de logging CopFlow v3.0 inicializado - by Diomedez98
[02:50:59.252] [SYSTEM ] [logger.system       ] 🚀 Sistema de logging CopFlow v3.0 inicializado - by Diomedez98
[02:51:59.262] [SYSTEM ] [logger.system       ] 🚀 Sistema de logging CopFlow v3.0 inicializado - by Diomedez98
[02:51:59.262] [SYSTEM ] [logger.system       ] 🚀 Sistema de logging CopFlow v3.0 inicializado - by Diomedez98
[02:51:59.264] [SUCCESS] [estadisticas_operarios.api] ✅ SUCCESS: Estadísticas obtenidas correctamente | Details: {"total":"3","available":"3","unavailable":"0"}
[02:52:59.251] [SYSTEM ] [logger.system       ] 🚀 Sistema de logging CopFlow v3.0 inicializado - by Diomedez98
[02:53:59.266] [SYSTEM ] [logger.system       ] 🚀 Sistema de logging CopFlow v3.0 inicializado - by Diomedez98
[02:54:59.258] [SYSTEM ] [logger.system       ] 🚀 Sistema de logging CopFlow v3.0 inicializado - by Diomedez98
[02:54:59.258] [SYSTEM ] [logger.system       ] 🚀 Sistema de logging CopFlow v3.0 inicializado - by Diomedez98
[02:54:59.259] [SUCCESS] [estadisticas_operarios.api] ✅ SUCCESS: Estadísticas obtenidas correctamente | Details: {"total":"3","available":"3","unavailable":"0"}
[02:55:59.259] [SYSTEM ] [logger.system       ] 🚀 Sistema de logging CopFlow v3.0 inicializado - by Diomedez98
[02:56:59.260] [SYSTEM ] [logger.system       ] 🚀 Sistema de logging CopFlow v3.0 inicializado - by Diomedez98
[02:57:59.867] [SYSTEM ] [logger.system       ] 🚀 Sistema de logging CopFlow v3.0 inicializado - by Diomedez98
[02:57:59.868] [SUCCESS] [estadisticas_operarios.api] ✅ SUCCESS: Estadísticas obtenidas correctamente | Details: {"total":"3","available":"3","unavailable":"0"}
[02:57:59.869] [SYSTEM ] [logger.system       ] 🚀 Sistema de logging CopFlow v3.0 inicializado - by Diomedez98
[02:58:59.262] [SYSTEM ] [logger.system       ] 🚀 Sistema de logging CopFlow v3.0 inicializado - by Diomedez98
[02:59:59.260] [SYSTEM ] [logger.system       ] 🚀 Sistema de logging CopFlow v3.0 inicializado - by Diomedez98
[03:00:59.261] [SYSTEM ] [logger.system       ] 🚀 Sistema de logging CopFlow v3.0 inicializado - by Diomedez98
[03:00:59.270] [SYSTEM ] [logger.system       ] 🚀 Sistema de logging CopFlow v3.0 inicializado - by Diomedez98
[03:00:59.271] [SUCCESS] [estadisticas_operarios.api] ✅ SUCCESS: Estadísticas obtenidas correctamente | Details: {"total":"3","available":"3","unavailable":"0"}
[03:01:59.265] [SYSTEM ] [logger.system       ] 🚀 Sistema de logging CopFlow v3.0 inicializado - by Diomedez98
[03:02:59.254] [SYSTEM ] [logger.system       ] 🚀 Sistema de logging CopFlow v3.0 inicializado - by Diomedez98
[03:03:59.269] [SYSTEM ] [logger.system       ] 🚀 Sistema de logging CopFlow v3.0 inicializado - by Diomedez98
[03:03:59.271] [SYSTEM ] [logger.system       ] 🚀 Sistema de logging CopFlow v3.0 inicializado - by Diomedez98
[03:03:59.271] [SUCCESS] [estadisticas_operarios.api] ✅ SUCCESS: Estadísticas obtenidas correctamente | Details: {"total":"3","available":"3","unavailable":"0"}
[03:04:59.265] [SYSTEM ] [logger.system       ] 🚀 Sistema de logging CopFlow v3.0 inicializado - by Diomedez98
[03:05:59.270] [SYSTEM ] [logger.system       ] 🚀 Sistema de logging CopFlow v3.0 inicializado - by Diomedez98
[03:06:59.256] [SYSTEM ] [logger.system       ] 🚀 Sistema de logging CopFlow v3.0 inicializado - by Diomedez98
[03:06:59.265] [SYSTEM ] [logger.system       ] 🚀 Sistema de logging CopFlow v3.0 inicializado - by Diomedez98
[03:06:59.265] [SUCCESS] [estadisticas_operarios.api] ✅ SUCCESS: Estadísticas obtenidas correctamente | Details: {"total":"3","available":"3","unavailable":"0"}
[03:07:59.270] [SYSTEM ] [logger.system       ] 🚀 Sistema de logging CopFlow v3.0 inicializado - by Diomedez98
[03:08:59.258] [SYSTEM ] [logger.system       ] 🚀 Sistema de logging CopFlow v3.0 inicializado - by Diomedez98
[03:09:59.274] [SYSTEM ] [logger.system       ] 🚀 Sistema de logging CopFlow v3.0 inicializado - by Diomedez98
[03:09:59.275] [SYSTEM ] [logger.system       ] 🚀 Sistema de logging CopFlow v3.0 inicializado - by Diomedez98
[03:09:59.276] [SUCCESS] [estadisticas_operarios.api] ✅ SUCCESS: Estadísticas obtenidas correctamente | Details: {"total":"3","available":"3","unavailable":"0"}
[03:10:59.278] [SYSTEM ] [logger.system       ] 🚀 Sistema de logging CopFlow v3.0 inicializado - by Diomedez98
[03:11:59.281] [SYSTEM ] [logger.system       ] 🚀 Sistema de logging CopFlow v3.0 inicializado - by Diomedez98
[03:12:59.260] [SYSTEM ] [logger.system       ] 🚀 Sistema de logging CopFlow v3.0 inicializado - by Diomedez98
[03:12:59.281] [SYSTEM ] [logger.system       ] 🚀 Sistema de logging CopFlow v3.0 inicializado - by Diomedez98
[03:12:59.281] [SUCCESS] [estadisticas_operarios.api] ✅ SUCCESS: Estadísticas obtenidas correctamente | Details: {"total":"3","available":"3","unavailable":"0"}
[03:13:59.284] [SYSTEM ] [logger.system       ] 🚀 Sistema de logging CopFlow v3.0 inicializado - by Diomedez98
[03:14:59.252] [SYSTEM ] [logger.system       ] 🚀 Sistema de logging CopFlow v3.0 inicializado - by Diomedez98
[03:15:59.268] [SYSTEM ] [logger.system       ] 🚀 Sistema de logging CopFlow v3.0 inicializado - by Diomedez98
[03:15:59.271] [SYSTEM ] [logger.system       ] 🚀 Sistema de logging CopFlow v3.0 inicializado - by Diomedez98
[03:15:59.272] [SUCCESS] [estadisticas_operarios.api] ✅ SUCCESS: Estadísticas obtenidas correctamente | Details: {"total":"3","available":"3","unavailable":"0"}
[03:16:59.261] [SYSTEM ] [logger.system       ] 🚀 Sistema de logging CopFlow v3.0 inicializado - by Diomedez98
[03:17:59.270] [SYSTEM ] [logger.system       ] 🚀 Sistema de logging CopFlow v3.0 inicializado - by Diomedez98
[03:18:59.262] [SYSTEM ] [logger.system       ] 🚀 Sistema de logging CopFlow v3.0 inicializado - by Diomedez98
[03:18:59.270] [SYSTEM ] [logger.system       ] 🚀 Sistema de logging CopFlow v3.0 inicializado - by Diomedez98
[03:18:59.271] [SUCCESS] [estadisticas_operarios.api] ✅ SUCCESS: Estadísticas obtenidas correctamente | Details: {"total":"3","available":"3","unavailable":"0"}
[03:19:59.263] [SYSTEM ] [logger.system       ] 🚀 Sistema de logging CopFlow v3.0 inicializado - by Diomedez98
[03:20:59.260] [SYSTEM ] [logger.system       ] 🚀 Sistema de logging CopFlow v3.0 inicializado - by Diomedez98
[03:21:59.273] [SYSTEM ] [logger.system       ] 🚀 Sistema de logging CopFlow v3.0 inicializado - by Diomedez98
[03:21:59.275] [SYSTEM ] [logger.system       ] 🚀 Sistema de logging CopFlow v3.0 inicializado - by Diomedez98
[03:21:59.276] [SUCCESS] [estadisticas_operarios.api] ✅ SUCCESS: Estadísticas obtenidas correctamente | Details: {"total":"3","available":"3","unavailable":"0"}
[03:22:59.284] [SYSTEM ] [logger.system       ] 🚀 Sistema de logging CopFlow v3.0 inicializado - by Diomedez98
[03:23:59.263] [SYSTEM ] [logger.system       ] 🚀 Sistema de logging CopFlow v3.0 inicializado - by Diomedez98
[03:24:59.265] [SYSTEM ] [logger.system       ] 🚀 Sistema de logging CopFlow v3.0 inicializado - by Diomedez98
[03:24:59.265] [SYSTEM ] [logger.system       ] 🚀 Sistema de logging CopFlow v3.0 inicializado - by Diomedez98
[03:24:59.266] [SUCCESS] [estadisticas_operarios.api] ✅ SUCCESS: Estadísticas obtenidas correctamente | Details: {"total":"3","available":"3","unavailable":"0"}
[03:25:59.275] [SYSTEM ] [logger.system       ] 🚀 Sistema de logging CopFlow v3.0 inicializado - by Diomedez98
[03:26:59.262] [SYSTEM ] [logger.system       ] 🚀 Sistema de logging CopFlow v3.0 inicializado - by Diomedez98
[03:27:44.856] [SYSTEM ] [logger.system       ] 🚀 Sistema de logging CopFlow v3.0 inicializado - by Diomedez98
[03:27:44.872] [SYSTEM ] [logger.system       ] 🚀 Sistema de logging CopFlow v3.0 inicializado - by Diomedez98
[03:27:44.872] [SUCCESS] [estadisticas_operarios.api] ✅ SUCCESS: Estadísticas obtenidas correctamente | Details: {"total":"3","available":"3","unavailable":"0"}
[03:27:44.988] [SYSTEM ] [logger.system       ] 🚀 Sistema de logging CopFlow v3.0 inicializado - by Diomedez98
[03:27:46.635] [SYSTEM ] [logger.system       ] 🚀 Sistema de logging CopFlow v3.0 inicializado - by Diomedez98
[03:27:46.635] [INFO   ] [usuarios.php        ] Filtros recibidos: search='', role='', status='', page=1, per_page=10
[03:27:46.654] [INFO   ] [usuarios.php        ] Módulo usuarios v2.2 cargado. Total=2, Página=1, PerPage=10
[03:27:46.717] [SYSTEM ] [logger.system       ] 🚀 Sistema de logging CopFlow v3.0 inicializado - by Diomedez98
[03:27:46.717] [INFO   ] [usuarios.php        ] Filtros recibidos: search='', role='', status='', page=1, per_page=10
[03:27:46.718] [INFO   ] [usuarios.php        ] Módulo usuarios v2.2 cargado. Total=2, Página=1, PerPage=10
[03:27:46.778] [SYSTEM ] [logger.system       ] 🚀 Sistema de logging CopFlow v3.0 inicializado - by Diomedez98
[03:27:46.778] [INFO   ] [usuarios.php        ] Filtros recibidos: search='', role='', status='', page=1, per_page=10
[03:27:46.781] [INFO   ] [usuarios.php        ] Módulo usuarios v2.2 cargado. Total=2, Página=1, PerPage=10
